#
# There is insufficient memory for the Java Runtime Environment to continue.
# Native memory allocation (malloc) failed to allocate 1194176 bytes for Chunk::new
# Possible reasons:
#   The system is out of physical RAM or swap space
#   The process is running with CompressedOops enabled, and the Java Heap may be blocking the growth of the native heap
# Possible solutions:
#   Reduce memory load on the system
#   Increase physical memory or swap space
#   Check if swap backing store is full
#   Decrease Java heap size (-Xmx/-Xms)
#   Decrease number of Java threads
#   Decrease Java thread stack sizes (-Xss)
#   Set larger code cache with -XX:ReservedCodeCacheSize=
#   JVM is running with Unscaled Compressed Oops mode in which the Java heap is
#     placed in the first 4GB address space. The Java Heap base address is the
#     maximum limit for the native heap growth. Please use -XX:HeapBaseMinAddress
#     to set the Java Heap base and to place the Java Heap above 4GB virtual address.
# This output file may be truncated or incomplete.
#
#  Out of Memory Error (allocation.cpp:389), pid=4672, tid=0x000000000000190c
#
# JRE version: OpenJDK Runtime Environment (8.0_202-b03) (build 1.8.0_202-release-1483-b03)
# Java VM: OpenJDK 64-Bit Server VM (25.202-b03 mixed mode windows-amd64 compressed oops)
# Failed to write core dump. Minidumps are not enabled by default on client versions of Windows
#

---------------  T H R E A D  ---------------

Current thread (0x00000000182df800):  JavaThread "C2 CompilerThread1" daemon [_thread_in_native, id=6412, stack(0x0000000019a30000,0x0000000019b30000)]

Stack: [0x0000000019a30000,0x0000000019b30000]
[error occurred during error reporting (printing stack bounds), id 0xc0000005]

Native frames: (J=compiled Java code, j=interpreted, Vv=VM code, C=native code)


Current CompileTask:
C2:   4747 1411       4       java.net.URLClassLoader$1::run (5 bytes)


---------------  P R O C E S S  ---------------

Java Threads: ( => current thread )
  0x000000001b6d4800 JavaThread "Cache worker for journal cache (C:\Users\User\.gradle\caches\journal-1)" [_thread_blocked, id=2252, stack(0x000000001d080000,0x000000001d180000)]
  0x000000001b6d7800 JavaThread "File lock request listener" [_thread_in_native, id=7084, stack(0x000000001cd80000,0x000000001ce80000)]
  0x000000001b643800 JavaThread "Cache worker for file hash cache (C:\Users\User\.gradle\caches\5.4.1\fileHashes)" [_thread_blocked, id=6504, stack(0x000000001cc80000,0x000000001cd80000)]
  0x000000001b5c6000 JavaThread "Thread-9" [_thread_blocked, id=4500, stack(0x000000001cb80000,0x000000001cc80000)]
  0x000000001b5ee800 JavaThread "Stdin handler" [_thread_blocked, id=5756, stack(0x000000001ca80000,0x000000001cb80000)]
  0x000000001b5ee000 JavaThread "Asynchronous log dispatcher for DefaultDaemonConnection: socket connection from /127.0.0.1:50847 to /127.0.0.1:50848" [_thread_blocked, id=7856, stack(0x000000001c980000,0x000000001ca80000)]
  0x000000001b3c2000 JavaThread "Daemon worker" [_thread_in_vm, id=4532, stack(0x000000001c880000,0x000000001c980000)]
  0x000000001b3c1800 JavaThread "Cancel handler" [_thread_blocked, id=5924, stack(0x000000001c780000,0x000000001c880000)]
  0x000000001b55d000 JavaThread "Handler for socket connection from /127.0.0.1:50847 to /127.0.0.1:50848" [_thread_in_native, id=7384, stack(0x000000001c480000,0x000000001c580000)]
  0x000000001b557800 JavaThread "Daemon" [_thread_blocked, id=7820, stack(0x000000001c380000,0x000000001c480000)]
  0x000000001af95800 JavaThread "Daemon periodic checks" [_thread_blocked, id=8328, stack(0x000000001c280000,0x000000001c380000)]
  0x000000001af8a000 JavaThread "Incoming local TCP Connector on port 50847" [_thread_in_native, id=9072, stack(0x000000001c040000,0x000000001c140000)]
  0x000000001b18f800 JavaThread "Daemon health stats" [_thread_blocked, id=3220, stack(0x000000001ba00000,0x000000001bb00000)]
  0x0000000019c60800 JavaThread "Service Thread" daemon [_thread_blocked, id=5804, stack(0x000000001a030000,0x000000001a130000)]
  0x00000000182f1000 JavaThread "C1 CompilerThread2" daemon [_thread_blocked, id=6220, stack(0x0000000019b30000,0x0000000019c30000)]
=>0x00000000182df800 JavaThread "C2 CompilerThread1" daemon [_thread_in_native, id=6412, stack(0x0000000019a30000,0x0000000019b30000)]
  0x00000000182db800 JavaThread "C2 CompilerThread0" daemon [_thread_in_native, id=8704, stack(0x0000000019930000,0x0000000019a30000)]
  0x00000000182da000 JavaThread "Attach Listener" daemon [_thread_blocked, id=5100, stack(0x0000000019830000,0x0000000019930000)]
  0x00000000182d9000 JavaThread "Signal Dispatcher" daemon [_thread_blocked, id=6780, stack(0x0000000019730000,0x0000000019830000)]
  0x000000000496a800 JavaThread "Finalizer" daemon [_thread_blocked, id=4024, stack(0x0000000019540000,0x0000000019640000)]
  0x00000000182c9000 JavaThread "Reference Handler" daemon [_thread_blocked, id=8076, stack(0x0000000019440000,0x0000000019540000)]
  0x000000000476d800 JavaThread "main" [_thread_blocked, id=8172, stack(0x0000000004770000,0x0000000004870000)]

Other Threads:
  0x00000000182a6000 VMThread [stack: 0x0000000019340000,0x0000000019440000] [id=5004]
  0x000000001832d000 WatcherThread [stack: 0x000000001a130000,0x000000001a230000] [id=6816]

VM state:not at safepoint (normal execution)

VM Mutex/Monitor currently owned by a thread: None

heap address: 0x00000000a0000000, size: 1536 MB, Compressed Oops mode: 32-bit
Narrow klass base: 0x0000000000000000, Narrow klass shift: 3
Compressed class space size: 1073741824 Address: 0x0000000100000000

Heap:
 PSYoungGen      total 63488K, used 8822K [0x00000000e0000000, 0x00000000e4600000, 0x0000000100000000)
  eden space 58368K, 6% used [0x00000000e0000000,0x00000000e03a4058,0x00000000e3900000)
  from space 5120K, 99% used [0x00000000e3f00000,0x00000000e43f9b70,0x00000000e4400000)
  to   space 6144K, 0% used [0x00000000e3900000,0x00000000e3900000,0x00000000e3f00000)
 ParOldGen       total 38400K, used 6714K [0x00000000a0000000, 0x00000000a2580000, 0x00000000e0000000)
  object space 38400K, 17% used [0x00000000a0000000,0x00000000a068e818,0x00000000a2580000)
 Metaspace       used 15180K, capacity 15556K, committed 15616K, reserved 1062912K
  class space    used 2154K, capacity 2296K, committed 2304K, reserved 1048576K

Card table byte_map: [0x0000000013d30000,0x0000000014040000] byte_map_base: 0x0000000013830000

Marking Bits: (ParMarkBitMap*) 0x00000000579f9f30
 Begin Bits: [0x0000000014640000, 0x0000000015e40000)
 End Bits:   [0x0000000015e40000, 0x0000000017640000)

Polling page: 0x0000000002e90000

CodeCache: size=245760Kb used=5169Kb max_used=5176Kb free=240590Kb
 bounds [0x0000000004970000, 0x0000000004e90000, 0x0000000013970000]
 total_blobs=1853 nmethods=1466 adapters=301
 compilation: enabled

Compilation events (10 events):
Event: 4.598 Thread 0x00000000182db800 nmethod 1459 0x0000000004e7d890 code [0x0000000004e7d9c0, 0x0000000004e7daf8]
Event: 4.598 Thread 0x00000000182db800 1460   !   4       java.lang.ref.Reference::tryHandlePending (115 bytes)
Event: 4.610 Thread 0x00000000182db800 nmethod 1460 0x0000000004e7b450 code [0x0000000004e7b600, 0x0000000004e7bf68]
Event: 4.610 Thread 0x00000000182f1000 1461       3       java.util.concurrent.locks.AbstractQueuedSynchronizer::compareAndSetState (13 bytes)
Event: 4.611 Thread 0x00000000182f1000 nmethod 1461 0x0000000004e7b110 code [0x0000000004e7b260, 0x0000000004e7b3d0]
Event: 4.628 Thread 0x00000000182f1000 1462       3       java.lang.System::checkKey (34 bytes)
Event: 4.629 Thread 0x00000000182f1000 nmethod 1462 0x0000000004e7d1d0 code [0x0000000004e7d360, 0x0000000004e7d748]
Event: 4.635 Thread 0x00000000182db800 1463       4       java.lang.String::indexOf (7 bytes)
Event: 4.653 Thread 0x00000000182db800 nmethod 1463 0x0000000004e7c490 code [0x0000000004e7c5e0, 0x0000000004e7ca18]
Event: 4.655 Thread 0x00000000182db800 1464   !   4       java.net.URLClassLoader$1::run (63 bytes)

GC Heap History (10 events):
Event: 1.647 GC heap before
{Heap before GC invocations=2 (full 0):
 PSYoungGen      total 16896K, used 16873K [0x00000000e0000000, 0x00000000e1280000, 0x0000000100000000)
  eden space 14848K, 100% used [0x00000000e0000000,0x00000000e0e80000,0x00000000e0e80000)
  from space 2048K, 98% used [0x00000000e0e80000,0x00000000e107a4c0,0x00000000e1080000)
  to   space 2048K, 0% used [0x00000000e1080000,0x00000000e1080000,0x00000000e1280000)
 ParOldGen       total 38400K, used 550K [0x00000000a0000000, 0x00000000a2580000, 0x00000000e0000000)
  object space 38400K, 1% used [0x00000000a0000000,0x00000000a0089b28,0x00000000a2580000)
 Metaspace       used 6947K, capacity 7172K, committed 7424K, reserved 1056768K
  class space    used 850K, capacity 908K, committed 1024K, reserved 1048576K
Event: 1.655 GC heap after
Heap after GC invocations=2 (full 0):
 PSYoungGen      total 16896K, used 2038K [0x00000000e0000000, 0x00000000e1280000, 0x0000000100000000)
  eden space 14848K, 0% used [0x00000000e0000000,0x00000000e0000000,0x00000000e0e80000)
  from space 2048K, 99% used [0x00000000e1080000,0x00000000e127d940,0x00000000e1280000)
  to   space 2048K, 0% used [0x00000000e0e80000,0x00000000e0e80000,0x00000000e1080000)
 ParOldGen       total 38400K, used 1453K [0x00000000a0000000, 0x00000000a2580000, 0x00000000e0000000)
  object space 38400K, 3% used [0x00000000a0000000,0x00000000a016b578,0x00000000a2580000)
 Metaspace       used 6947K, capacity 7172K, committed 7424K, reserved 1056768K
  class space    used 850K, capacity 908K, committed 1024K, reserved 1048576K
}
Event: 2.103 GC heap before
{Heap before GC invocations=3 (full 0):
 PSYoungGen      total 16896K, used 16886K [0x00000000e0000000, 0x00000000e1280000, 0x0000000100000000)
  eden space 14848K, 100% used [0x00000000e0000000,0x00000000e0e80000,0x00000000e0e80000)
  from space 2048K, 99% used [0x00000000e1080000,0x00000000e127d940,0x00000000e1280000)
  to   space 2048K, 0% used [0x00000000e0e80000,0x00000000e0e80000,0x00000000e1080000)
 ParOldGen       total 38400K, used 1453K [0x00000000a0000000, 0x00000000a2580000, 0x00000000e0000000)
  object space 38400K, 3% used [0x00000000a0000000,0x00000000a016b578,0x00000000a2580000)
 Metaspace       used 7069K, capacity 7332K, committed 7424K, reserved 1056768K
  class space    used 859K, capacity 940K, committed 1024K, reserved 1048576K
Event: 2.109 GC heap after
Heap after GC invocations=3 (full 0):
 PSYoungGen      total 16896K, used 2020K [0x00000000e0000000, 0x00000000e2100000, 0x0000000100000000)
  eden space 14848K, 0% used [0x00000000e0000000,0x00000000e0000000,0x00000000e0e80000)
  from space 2048K, 98% used [0x00000000e0e80000,0x00000000e1079390,0x00000000e1080000)
  to   space 2048K, 0% used [0x00000000e1f00000,0x00000000e1f00000,0x00000000e2100000)
 ParOldGen       total 38400K, used 1988K [0x00000000a0000000, 0x00000000a2580000, 0x00000000e0000000)
  object space 38400K, 5% used [0x00000000a0000000,0x00000000a01f1310,0x00000000a2580000)
 Metaspace       used 7069K, capacity 7332K, committed 7424K, reserved 1056768K
  class space    used 859K, capacity 940K, committed 1024K, reserved 1048576K
}
Event: 2.398 GC heap before
{Heap before GC invocations=4 (full 0):
 PSYoungGen      total 16896K, used 16868K [0x00000000e0000000, 0x00000000e2100000, 0x0000000100000000)
  eden space 14848K, 100% used [0x00000000e0000000,0x00000000e0e80000,0x00000000e0e80000)
  from space 2048K, 98% used [0x00000000e0e80000,0x00000000e1079390,0x00000000e1080000)
  to   space 2048K, 0% used [0x00000000e1f00000,0x00000000e1f00000,0x00000000e2100000)
 ParOldGen       total 38400K, used 1988K [0x00000000a0000000, 0x00000000a2580000, 0x00000000e0000000)
  object space 38400K, 5% used [0x00000000a0000000,0x00000000a01f1310,0x00000000a2580000)
 Metaspace       used 7665K, capacity 7902K, committed 8064K, reserved 1056768K
  class space    used 983K, capacity 1045K, committed 1152K, reserved 1048576K
Event: 2.406 GC heap after
Heap after GC invocations=4 (full 0):
 PSYoungGen      total 31744K, used 2032K [0x00000000e0000000, 0x00000000e2100000, 0x0000000100000000)
  eden space 29696K, 0% used [0x00000000e0000000,0x00000000e0000000,0x00000000e1d00000)
  from space 2048K, 99% used [0x00000000e1f00000,0x00000000e20fc010,0x00000000e2100000)
  to   space 2048K, 0% used [0x00000000e1d00000,0x00000000e1d00000,0x00000000e1f00000)
 ParOldGen       total 38400K, used 3091K [0x00000000a0000000, 0x00000000a2580000, 0x00000000e0000000)
  object space 38400K, 8% used [0x00000000a0000000,0x00000000a0304d38,0x00000000a2580000)
 Metaspace       used 7665K, capacity 7902K, committed 8064K, reserved 1056768K
  class space    used 983K, capacity 1045K, committed 1152K, reserved 1048576K
}
Event: 3.894 GC heap before
{Heap before GC invocations=5 (full 0):
 PSYoungGen      total 31744K, used 31728K [0x00000000e0000000, 0x00000000e2100000, 0x0000000100000000)
  eden space 29696K, 100% used [0x00000000e0000000,0x00000000e1d00000,0x00000000e1d00000)
  from space 2048K, 99% used [0x00000000e1f00000,0x00000000e20fc010,0x00000000e2100000)
  to   space 2048K, 0% used [0x00000000e1d00000,0x00000000e1d00000,0x00000000e1f00000)
 ParOldGen       total 38400K, used 3091K [0x00000000a0000000, 0x00000000a2580000, 0x00000000e0000000)
  object space 38400K, 8% used [0x00000000a0000000,0x00000000a0304d38,0x00000000a2580000)
 Metaspace       used 12510K, capacity 12910K, committed 13184K, reserved 1060864K
  class space    used 1702K, capacity 1835K, committed 1920K, reserved 1048576K
Event: 3.906 GC heap after
Heap after GC invocations=5 (full 0):
 PSYoungGen      total 31744K, used 2016K [0x00000000e0000000, 0x00000000e4400000, 0x0000000100000000)
  eden space 29696K, 0% used [0x00000000e0000000,0x00000000e0000000,0x00000000e1d00000)
  from space 2048K, 98% used [0x00000000e1d00000,0x00000000e1ef8020,0x00000000e1f00000)
  to   space 5120K, 0% used [0x00000000e3f00000,0x00000000e3f00000,0x00000000e4400000)
 ParOldGen       total 38400K, used 6646K [0x00000000a0000000, 0x00000000a2580000, 0x00000000e0000000)
  object space 38400K, 17% used [0x00000000a0000000,0x00000000a067dbe0,0x00000000a2580000)
 Metaspace       used 12510K, capacity 12910K, committed 13184K, reserved 1060864K
  class space    used 1702K, capacity 1835K, committed 1920K, reserved 1048576K
}
Event: 4.577 GC heap before
{Heap before GC invocations=6 (full 0):
 PSYoungGen      total 31744K, used 31712K [0x00000000e0000000, 0x00000000e4400000, 0x0000000100000000)
  eden space 29696K, 100% used [0x00000000e0000000,0x00000000e1d00000,0x00000000e1d00000)
  from space 2048K, 98% used [0x00000000e1d00000,0x00000000e1ef8020,0x00000000e1f00000)
  to   space 5120K, 0% used [0x00000000e3f00000,0x00000000e3f00000,0x00000000e4400000)
 ParOldGen       total 38400K, used 6646K [0x00000000a0000000, 0x00000000a2580000, 0x00000000e0000000)
  object space 38400K, 17% used [0x00000000a0000000,0x00000000a067dbe0,0x00000000a2580000)
 Metaspace       used 14701K, capacity 15064K, committed 15360K, reserved 1062912K
  class space    used 2081K, capacity 2192K, committed 2304K, reserved 1048576K
Event: 4.591 GC heap after
Heap after GC invocations=6 (full 0):
 PSYoungGen      total 63488K, used 5094K [0x00000000e0000000, 0x00000000e4600000, 0x0000000100000000)
  eden space 58368K, 0% used [0x00000000e0000000,0x00000000e0000000,0x00000000e3900000)
  from space 5120K, 99% used [0x00000000e3f00000,0x00000000e43f9b70,0x00000000e4400000)
  to   space 6144K, 0% used [0x00000000e3900000,0x00000000e3900000,0x00000000e3f00000)
 ParOldGen       total 38400K, used 6714K [0x00000000a0000000, 0x00000000a2580000, 0x00000000e0000000)
  object space 38400K, 17% used [0x00000000a0000000,0x00000000a068e818,0x00000000a2580000)
 Metaspace       used 14701K, capacity 15064K, committed 15360K, reserved 1062912K
  class space    used 2081K, capacity 2192K, committed 2304K, reserved 1048576K
}

Deoptimization events (10 events):
Event: 2.960 Thread 0x000000000476d800 Uncommon trap: reason=unstable_if action=reinterpret pc=0x0000000004cbf044 method=java.io.WinNTFileSystem.normalize(Ljava/lang/String;II)Ljava/lang/String; @ 90
Event: 3.539 Thread 0x000000001b55d000 Uncommon trap: reason=unstable_if action=reinterpret pc=0x0000000004d2be44 method=java.util.concurrent.ConcurrentHashMap.putVal(Ljava/lang/Object;Ljava/lang/Object;Z)Ljava/lang/Object; @ 206
Event: 3.677 Thread 0x000000001b3c2000 Uncommon trap: reason=bimorphic action=maybe_recompile pc=0x0000000004c0780c method=java.util.HashMap.putVal(ILjava/lang/Object;Ljava/lang/Object;ZZ)Ljava/lang/Object; @ 253
Event: 3.677 Thread 0x000000001b3c2000 Uncommon trap: reason=bimorphic action=maybe_recompile pc=0x0000000004c0780c method=java.util.HashMap.putVal(ILjava/lang/Object;Ljava/lang/Object;ZZ)Ljava/lang/Object; @ 253
Event: 3.677 Thread 0x000000001b3c2000 Uncommon trap: reason=bimorphic action=maybe_recompile pc=0x0000000004c0780c method=java.util.HashMap.putVal(ILjava/lang/Object;Ljava/lang/Object;ZZ)Ljava/lang/Object; @ 253
Event: 3.678 Thread 0x000000001b3c2000 Uncommon trap: reason=bimorphic action=maybe_recompile pc=0x0000000004bfe544 method=java.util.HashMap.putVal(ILjava/lang/Object;Ljava/lang/Object;ZZ)Ljava/lang/Object; @ 253
Event: 4.120 Thread 0x000000001b3c2000 Uncommon trap: reason=class_check action=maybe_recompile pc=0x0000000004c6205c method=java.util.regex.Matcher.match(II)Z @ 86
Event: 4.155 Thread 0x000000001b3c2000 Uncommon trap: reason=class_check action=maybe_recompile pc=0x0000000004c6205c method=java.util.regex.Matcher.match(II)Z @ 86
Event: 4.158 Thread 0x000000001b3c2000 Uncommon trap: reason=class_check action=maybe_recompile pc=0x0000000004c6205c method=java.util.regex.Matcher.match(II)Z @ 86
Event: 4.161 Thread 0x000000001b3c2000 Uncommon trap: reason=class_check action=maybe_recompile pc=0x0000000004c1d608 method=java.util.regex.Matcher.match(II)Z @ 86

Classes redefined (0 events):
No events

Internal exceptions (10 events):
Event: 3.547 Thread 0x000000001b55d000 Exception <a 'java/lang/NoSuchMethodError': <clinit>> (0x00000000e0fdf5d8) thrown at [D:\src\AOSP-openjdk-cygwin\jdk8u\hotspot\src\share\vm\prims\jni.cpp, line 1614]
Event: 3.552 Thread 0x000000001b55d000 Exception <a 'java/lang/NoSuchMethodError': <clinit>> (0x00000000e0ff27e8) thrown at [D:\src\AOSP-openjdk-cygwin\jdk8u\hotspot\src\share\vm\prims\jni.cpp, line 1614]
Event: 3.557 Thread 0x000000001b55d000 Exception <a 'java/lang/NoSuchMethodError': <clinit>> (0x00000000e1019b70) thrown at [D:\src\AOSP-openjdk-cygwin\jdk8u\hotspot\src\share\vm\prims\jni.cpp, line 1614]
Event: 3.561 Thread 0x000000001b55d000 Exception <a 'java/lang/NoSuchMethodError': <clinit>> (0x00000000e1031bc0) thrown at [D:\src\AOSP-openjdk-cygwin\jdk8u\hotspot\src\share\vm\prims\jni.cpp, line 1614]
Event: 3.562 Thread 0x000000001b55d000 Exception <a 'java/lang/NoSuchMethodError': <clinit>> (0x00000000e103a850) thrown at [D:\src\AOSP-openjdk-cygwin\jdk8u\hotspot\src\share\vm\prims\jni.cpp, line 1614]
Event: 3.566 Thread 0x000000001b55d000 Exception <a 'java/lang/NoSuchMethodError': <clinit>> (0x00000000e1050df8) thrown at [D:\src\AOSP-openjdk-cygwin\jdk8u\hotspot\src\share\vm\prims\jni.cpp, line 1614]
Event: 3.585 Thread 0x000000001b55d000 Exception <a 'java/lang/NoSuchMethodError': <clinit>> (0x00000000e10b1710) thrown at [D:\src\AOSP-openjdk-cygwin\jdk8u\hotspot\src\share\vm\prims\jni.cpp, line 1614]
Event: 3.595 Thread 0x000000001b55d000 Exception <a 'java/lang/NoSuchMethodError': <clinit>> (0x00000000e10de520) thrown at [D:\src\AOSP-openjdk-cygwin\jdk8u\hotspot\src\share\vm\prims\jni.cpp, line 1614]
Event: 3.605 Thread 0x000000001b55d000 Exception <a 'java/lang/NoSuchMethodError': <clinit>> (0x00000000e110c958) thrown at [D:\src\AOSP-openjdk-cygwin\jdk8u\hotspot\src\share\vm\prims\jni.cpp, line 1614]
Event: 3.607 Thread 0x000000001b55d000 Exception <a 'java/lang/NoSuchMethodError': <clinit>> (0x00000000e1117c80) thrown at [D:\src\AOSP-openjdk-cygwin\jdk8u\hotspot\src\share\vm\prims\jni.cpp, line 1614]

Events (10 events):
Event: 4.686 loading class org/gradle/internal/fingerprint/FingerprintCompareStrategy
Event: 4.686 loading class org/gradle/internal/fingerprint/FingerprintCompareStrategy done
Event: 4.687 loading class org/gradle/internal/change/Change
Event: 4.687 loading class org/gradle/internal/change/Change done
Event: 4.688 loading class org/gradle/internal/change/ChangeVisitor
Event: 4.688 loading class org/gradle/internal/change/ChangeVisitor done
Event: 4.689 loading class org/gradle/internal/fingerprint/impl/EmptyCurrentFileCollectionFingerprint
Event: 4.689 loading class org/gradle/internal/fingerprint/impl/EmptyCurrentFileCollectionFingerprint done
Event: 4.690 loading class org/gradle/api/internal/changedetection/state/JarHasher
Event: 4.691 loading class org/gradle/api/internal/changedetection/state/JarHasher done


Dynamic libraries:
0x00007ff6d9b50000 - 0x00007ff6d9b81000 	C:\Program Files\Android\Android Studio\jre\bin\java.exe
0x00007ff95bf20000 - 0x00007ff95c100000 	C:\Windows\SYSTEM32\ntdll.dll
0x00007ff95b3e0000 - 0x00007ff95b48e000 	C:\Windows\System32\KERNEL32.DLL
0x00007ff958550000 - 0x00007ff9587b6000 	C:\Windows\System32\KERNELBASE.dll
0x00007ff95b9f0000 - 0x00007ff95ba91000 	C:\Windows\System32\ADVAPI32.dll
0x00007ff95b940000 - 0x00007ff95b9dd000 	C:\Windows\System32\msvcrt.dll
0x00007ff9594c0000 - 0x00007ff95951b000 	C:\Windows\System32\sechost.dll
0x00007ff959c40000 - 0x00007ff959d5f000 	C:\Windows\System32\RPCRT4.dll
0x00007ff95b730000 - 0x00007ff95b8be000 	C:\Windows\System32\USER32.dll
0x00007ff958a50000 - 0x00007ff958a70000 	C:\Windows\System32\win32u.dll
0x00007ff959dd0000 - 0x00007ff959df8000 	C:\Windows\System32\GDI32.dll
0x00007ff9588b0000 - 0x00007ff958a41000 	C:\Windows\System32\gdi32full.dll
0x00007ff958810000 - 0x00007ff9588ab000 	C:\Windows\System32\msvcp_win.dll
0x00007ff958b20000 - 0x00007ff958c16000 	C:\Windows\System32\ucrtbase.dll
0x00007ff94d350000 - 0x00007ff94d5b9000 	C:\Windows\WinSxS\amd64_microsoft.windows.common-controls_6595b64144ccf1df_6.0.16299.15_none_cc92fb402215d91d\COMCTL32.dll
0x00007ff9598c0000 - 0x00007ff959bc8000 	C:\Windows\System32\combase.dll
0x00007ff959370000 - 0x00007ff9593e2000 	C:\Windows\System32\bcryptPrimitives.dll
0x00007ff959890000 - 0x00007ff9598bd000 	C:\Windows\System32\IMM32.DLL
0x0000000057150000 - 0x0000000057222000 	C:\Program Files\Android\Android Studio\jre\jre\bin\msvcr100.dll
0x0000000057230000 - 0x0000000057a76000 	C:\Program Files\Android\Android Studio\jre\jre\bin\server\jvm.dll
0x00007ff95b9e0000 - 0x00007ff95b9e8000 	C:\Windows\System32\PSAPI.DLL
0x00007ff954340000 - 0x00007ff954349000 	C:\Windows\SYSTEM32\WSOCK32.dll
0x00007ff956000000 - 0x00007ff956023000 	C:\Windows\SYSTEM32\WINMM.dll
0x00007ff9523e0000 - 0x00007ff9523ea000 	C:\Windows\SYSTEM32\VERSION.dll
0x00007ff95b620000 - 0x00007ff95b68c000 	C:\Windows\System32\WS2_32.dll
0x00007ff955a10000 - 0x00007ff955a3a000 	C:\Windows\SYSTEM32\winmmbase.dll
0x00007ff9587c0000 - 0x00007ff95880a000 	C:\Windows\System32\cfgmgr32.dll
0x00007ff94c5a0000 - 0x00007ff94c5af000 	C:\Program Files\Android\Android Studio\jre\jre\bin\verify.dll
0x00007ff93f4f0000 - 0x00007ff93f519000 	C:\Program Files\Android\Android Studio\jre\jre\bin\java.dll
0x00007ff93e020000 - 0x00007ff93e036000 	C:\Program Files\Android\Android Studio\jre\jre\bin\zip.dll
0x00007ff959fa0000 - 0x00007ff95b3d7000 	C:\Windows\System32\SHELL32.dll
0x00007ff959690000 - 0x00007ff959736000 	C:\Windows\System32\shcore.dll
0x00007ff958c20000 - 0x00007ff959367000 	C:\Windows\System32\windows.storage.dll
0x00007ff95b8c0000 - 0x00007ff95b911000 	C:\Windows\System32\shlwapi.dll
0x00007ff958300000 - 0x00007ff958311000 	C:\Windows\System32\kernel.appcore.dll
0x00007ff9582b0000 - 0x00007ff9582fc000 	C:\Windows\System32\powrprof.dll
0x00007ff958290000 - 0x00007ff9582ab000 	C:\Windows\System32\profapi.dll
0x00007ff93d4f0000 - 0x00007ff93d50a000 	C:\Program Files\Android\Android Studio\jre\jre\bin\net.dll
0x00007ff957b00000 - 0x00007ff957b66000 	C:\Windows\system32\mswsock.dll
0x00007ff93a760000 - 0x00007ff93a771000 	C:\Program Files\Android\Android Studio\jre\jre\bin\nio.dll
0x00007ff934180000 - 0x00007ff9341a6000 	C:\Users\User\.gradle\native\29\windows-amd64\native-platform.dll
0x00007ff947f60000 - 0x00007ff947f6d000 	C:\Program Files\Android\Android Studio\jre\jre\bin\management.dll
0x00007ff957cc0000 - 0x00007ff957cd7000 	C:\Windows\SYSTEM32\CRYPTSP.dll
0x00007ff957710000 - 0x00007ff957743000 	C:\Windows\system32\rsaenh.dll
0x00007ff957dd0000 - 0x00007ff957df5000 	C:\Windows\SYSTEM32\bcrypt.dll
0x00007ff958170000 - 0x00007ff958199000 	C:\Windows\SYSTEM32\USERENV.dll
0x00007ff957ce0000 - 0x00007ff957ceb000 	C:\Windows\SYSTEM32\CRYPTBASE.dll
0x00007ff957890000 - 0x00007ff9578c9000 	C:\Windows\SYSTEM32\IPHLPAPI.DLL
0x00007ff959bd0000 - 0x00007ff959bd8000 	C:\Windows\System32\NSI.dll
0x00007ff9510b0000 - 0x00007ff9510c6000 	C:\Windows\SYSTEM32\dhcpcsvc6.DLL
0x00007ff951250000 - 0x00007ff95126a000 	C:\Windows\SYSTEM32\dhcpcsvc.DLL

VM Arguments:
jvm_args: -Xmx1536m -Dfile.encoding=windows-1252 -Duser.country=IN -Duser.language=en -Duser.variant 
java_command: org.gradle.launcher.daemon.bootstrap.GradleDaemon 5.4.1
java_class_path (initial): C:\Users\User\.gradle\wrapper\dists\gradle-5.4.1-all\3221gyojl5jsh0helicew7rwx\gradle-5.4.1\lib\gradle-launcher-5.4.1.jar
Launcher Type: SUN_STANDARD

Environment Variables:
PATH=C:\Windows\system32;C:\Windows;C:\Windows\System32\Wbem;C:\Windows\System32\WindowsPowerShell\v1.0\;C:\Program Files\Java\jdk-12.0.2\bin;C:\Program Files\Microsoft VS Code\bin;C:\Program Files\nodejs\;C:\Program Files\Git\cmd;C:\Users\User\AppData\Local\Microsoft\WindowsApps;C:\Users\User\AppData\Roaming\npm
USERNAME=User
OS=Windows_NT
PROCESSOR_IDENTIFIER=AMD64 Family 22 Model 48 Stepping 1, AuthenticAMD



---------------  S Y S T E M  ---------------

OS: Windows 10.0 , 64 bit Build 16299 (10.0.16299.15)

CPU:total 4 (initial active 4) (4 cores per cpu, 1 threads per core) family 22 model 48 stepping 1, cmov, cx8, fxsr, mmx, sse, sse2, sse3, ssse3, sse4.1, sse4.2, popcnt, avx, aes, clmul, mmxext, 3dnowpref, lzcnt, sse4a, tsc, tscinvbit, tscinv, bmi1

Memory: 4k page, physical 3629332k(416860k free), swap 14639380k(2128k free)

vm_info: OpenJDK 64-Bit Server VM (25.202-b03) for windows-amd64 JRE (1.8.0_202-release-1483-b03), built by "builder" with MS VC++ 10.0 (VS2010)

time: Tue Dec 17 12:20:45 2019
timezone: India Standard Time
elapsed time: 4 seconds (0d 0h 0m 4s)

