#
# There is insufficient memory for the Java Runtime Environment to continue.
# Native memory allocation (malloc) failed to allocate 32744 bytes for ChunkPool::allocate
# Possible reasons:
#   The system is out of physical RAM or swap space
#   The process is running with CompressedOops enabled, and the Java Heap may be blocking the growth of the native heap
# Possible solutions:
#   Reduce memory load on the system
#   Increase physical memory or swap space
#   Check if swap backing store is full
#   Decrease Java heap size (-Xmx/-Xms)
#   Decrease number of Java threads
#   Decrease Java thread stack sizes (-Xss)
#   Set larger code cache with -XX:ReservedCodeCacheSize=
#   JVM is running with Unscaled Compressed Oops mode in which the Java heap is
#     placed in the first 4GB address space. The Java Heap base address is the
#     maximum limit for the native heap growth. Please use -XX:HeapBaseMinAddress
#     to set the Java Heap base and to place the Java Heap above 4GB virtual address.
# This output file may be truncated or incomplete.
#
#  Out of Memory Error (allocation.cpp:272), pid=5260, tid=0x0000000000000e18
#
# JRE version: OpenJDK Runtime Environment (8.0_202-b03) (build 1.8.0_202-release-1483-b03)
# Java VM: OpenJDK 64-Bit Server VM (25.202-b03 mixed mode windows-amd64 compressed oops)
# Failed to write core dump. Minidumps are not enabled by default on client versions of Windows
#

---------------  T H R E A D  ---------------

Current thread (0x0000000018b92800):  JavaThread "C2 CompilerThread1" daemon [_thread_in_native, id=3608, stack(0x000000001a290000,0x000000001a390000)]

Stack: [0x000000001a290000,0x000000001a390000]
[error occurred during error reporting (printing stack bounds), id 0xc0000005]

Native frames: (J=compiled Java code, j=interpreted, Vv=VM code, C=native code)


Current CompileTask:
C2:5123856 16889       4       org.gradle.execution.plan.DefaultPlanExecutor$ExecutorWorker$2::transform (9 bytes)


---------------  P R O C E S S  ---------------

Java Threads: ( => current thread )
  0x000000001ee2c800 JavaThread "Cache worker for execution history cache (C:\Users\User\AndroidStudioProjects\BookMyRoom\.gradle\5.4.1\executionHistory)" [_thread_blocked, id=6124, stack(0x000000002f8c0000,0x000000002f9c0000)]
  0x000000001ee33800 JavaThread "Execution worker for ':' Thread 3" [_thread_blocked, id=6300, stack(0x000000002f7c0000,0x000000002f8c0000)]
  0x000000001ee32800 JavaThread "Execution worker for ':' Thread 2" [_thread_in_native, id=7552, stack(0x000000002f6c0000,0x000000002f7c0000)]
  0x000000001ee32000 JavaThread "Execution worker for ':'" [_thread_blocked, id=2504, stack(0x000000002f5c0000,0x000000002f6c0000)]
  0x000000001ee2d800 JavaThread "Cache worker for file content cache (C:\Users\User\AndroidStudioProjects\BookMyRoom\.gradle\5.4.1\fileContent)" [_thread_blocked, id=4568, stack(0x000000002f4c0000,0x000000002f5c0000)]
  0x000000001e624800 JavaThread "Cache worker for Build Output Cleanup Cache (C:\Users\User\AndroidStudioProjects\BookMyRoom\.gradle\buildOutputCleanup)" [_thread_blocked, id=1248, stack(0x000000002f3c0000,0x000000002f4c0000)]
  0x000000001e623000 JavaThread "pool-9-thread-1" [_thread_blocked, id=1160, stack(0x000000002f2c0000,0x000000002f3c0000)]
  0x000000001e621000 JavaThread "Build operations Thread 4" [_thread_blocked, id=8816, stack(0x000000002f1c0000,0x000000002f2c0000)]
  0x000000001e622800 JavaThread "Build operations Thread 3" [_thread_blocked, id=1964, stack(0x000000002f0c0000,0x000000002f1c0000)]
  0x000000001e620000 JavaThread "Build operations Thread 2" [_thread_blocked, id=6568, stack(0x000000002efc0000,0x000000002f0c0000)]
  0x000000001e626000 JavaThread "Build operations" [_thread_blocked, id=5420, stack(0x000000002eec0000,0x000000002efc0000)]
  0x000000001e61b800 JavaThread "Cache worker for cache directory md-rule (C:\Users\User\.gradle\caches\5.4.1\md-rule)" [_thread_blocked, id=8092, stack(0x000000002edc0000,0x000000002eec0000)]
  0x000000001e61b000 JavaThread "Cache worker for cache directory md-supplier (C:\Users\User\.gradle\caches\5.4.1\md-supplier)" [_thread_blocked, id=8980, stack(0x000000002ecc0000,0x000000002edc0000)]
  0x000000001e61f800 JavaThread "Cache worker for file hash cache (C:\Users\User\AndroidStudioProjects\BookMyRoom\.gradle\5.4.1\fileHashes)" [_thread_blocked, id=4108, stack(0x000000002ebc0000,0x000000002ecc0000)]
  0x000000001e61e800 JavaThread "Thread-125" [_thread_blocked, id=4708, stack(0x000000002eac0000,0x000000002ebc0000)]
  0x000000001e61e000 JavaThread "Stdin handler" [_thread_blocked, id=2908, stack(0x000000002e9c0000,0x000000002eac0000)]
  0x000000001e618000 JavaThread "Asynchronous log dispatcher for DefaultDaemonConnection: socket connection from /127.0.0.1:50254 to /127.0.0.1:50326" [_thread_blocked, id=6916, stack(0x000000002e8c0000,0x000000002e9c0000)]
  0x000000001e61a000 JavaThread "Cancel handler" [_thread_blocked, id=6868, stack(0x000000002e7c0000,0x000000002e8c0000)]
  0x000000001e61d000 JavaThread "Handler for socket connection from /127.0.0.1:50254 to /127.0.0.1:50326" [_thread_in_native, id=8212, stack(0x000000002e6c0000,0x000000002e7c0000)]
  0x000000001ee30800 JavaThread "Daemon worker Thread 5" [_thread_blocked, id=8388, stack(0x000000002cac0000,0x000000002cbc0000)]
  0x000000001ee2f800 JavaThread "Daemon Thread 5" [_thread_blocked, id=5512, stack(0x000000002c7c0000,0x000000002c8c0000)]
  0x000000001f113000 JavaThread "Cache worker for Java compile cache (C:\Users\User\.gradle\caches\5.4.1\javaCompile)" [_thread_blocked, id=896, stack(0x0000000026620000,0x0000000026720000)]
  0x000000001e624000 JavaThread "Cache worker for file content cache (C:\Users\User\.gradle\caches\5.4.1\fileContent)" [_thread_blocked, id=3620, stack(0x0000000026020000,0x0000000026120000)]
  0x000000001e617000 JavaThread "Memory manager" [_thread_blocked, id=7760, stack(0x0000000023550000,0x0000000023650000)]
  0x000000001e619800 JavaThread "Cache worker for execution history cache (C:\Users\User\.gradle\caches\5.4.1\executionHistory)" [_thread_blocked, id=1972, stack(0x0000000021e50000,0x0000000021f50000)]
  0x000000001ade1800 JavaThread "Cache worker for journal cache (C:\Users\User\.gradle\caches\journal-1)" [_thread_blocked, id=5184, stack(0x000000001d7e0000,0x000000001d8e0000)]
  0x000000001addc000 JavaThread "File lock request listener" [_thread_in_native, id=8068, stack(0x000000001d6e0000,0x000000001d7e0000)]
  0x000000001bb6b800 JavaThread "Cache worker for file hash cache (C:\Users\User\.gradle\caches\5.4.1\fileHashes)" [_thread_blocked, id=4140, stack(0x000000001d5e0000,0x000000001d6e0000)]
  0x000000001a4ac000 JavaThread "Daemon periodic checks" [_thread_blocked, id=7316, stack(0x000000001cbe0000,0x000000001cce0000)]
  0x000000001b09c800 JavaThread "Incoming local TCP Connector on port 50254" [_thread_in_native, id=4932, stack(0x000000001c9a0000,0x000000001caa0000)]
  0x000000001afd3800 JavaThread "Daemon health stats" [_thread_blocked, id=4084, stack(0x000000001c260000,0x000000001c360000)]
  0x000000001a397000 JavaThread "Service Thread" daemon [_thread_blocked, id=1540, stack(0x000000001a890000,0x000000001a990000)]
  0x0000000018b9d800 JavaThread "C1 CompilerThread2" daemon [_thread_blocked, id=6472, stack(0x000000001a790000,0x000000001a890000)]
=>0x0000000018b92800 JavaThread "C2 CompilerThread1" daemon [_thread_in_native, id=3608, stack(0x000000001a290000,0x000000001a390000)]
  0x0000000018b3b800 JavaThread "C2 CompilerThread0" daemon [_thread_in_native, id=2292, stack(0x000000001a190000,0x000000001a290000)]
  0x0000000018b3a000 JavaThread "Attach Listener" daemon [_thread_blocked, id=2604, stack(0x000000001a090000,0x000000001a190000)]
  0x0000000018b39000 JavaThread "Signal Dispatcher" daemon [_thread_blocked, id=5024, stack(0x0000000019f90000,0x000000001a090000)]
  0x00000000051cb800 JavaThread "Finalizer" daemon [_thread_blocked, id=8784, stack(0x0000000019da0000,0x0000000019ea0000)]
  0x0000000018b29000 JavaThread "Reference Handler" daemon [_thread_blocked, id=8328, stack(0x0000000019ca0000,0x0000000019da0000)]
  0x0000000004fcd800 JavaThread "main" [_thread_blocked, id=8172, stack(0x0000000004fd0000,0x00000000050d0000)]

Other Threads:
  0x0000000018b07000 VMThread [stack: 0x0000000019ba0000,0x0000000019ca0000] [id=6292]
  0x000000001a397800 WatcherThread [stack: 0x000000001a990000,0x000000001aa90000] [id=208]

VM state:not at safepoint (normal execution)

VM Mutex/Monitor currently owned by a thread: None

heap address: 0x00000000a0000000, size: 1536 MB, Compressed Oops mode: 32-bit
Narrow klass base: 0x0000000000000000, Narrow klass shift: 3
Compressed class space size: 1073741824 Address: 0x0000000100000000

Heap:
 PSYoungGen      total 422912K, used 369940K [0x00000000e0000000, 0x0000000100000000, 0x0000000100000000)
  eden space 356352K, 85% used [0x00000000e0000000,0x00000000f2848be8,0x00000000f5c00000)
  from space 66560K, 99% used [0x00000000fbf00000,0x00000000ffffc4b0,0x0000000100000000)
  to   space 83968K, 0% used [0x00000000f5c00000,0x00000000f5c00000,0x00000000fae00000)
 ParOldGen       total 207360K, used 136429K [0x00000000a0000000, 0x00000000aca80000, 0x00000000e0000000)
  object space 207360K, 65% used [0x00000000a0000000,0x00000000a853b5b8,0x00000000aca80000)
 Metaspace       used 83910K, capacity 87363K, committed 87552K, reserved 1124352K
  class space    used 11021K, capacity 11700K, committed 11776K, reserved 1048576K

Card table byte_map: [0x0000000014590000,0x00000000148a0000] byte_map_base: 0x0000000014090000

Marking Bits: (ParMarkBitMap*) 0x0000000051269f30
 Begin Bits: [0x0000000014ea0000, 0x00000000166a0000)
 End Bits:   [0x00000000166a0000, 0x0000000017ea0000)

Polling page: 0x0000000000ff0000

CodeCache: size=245760Kb used=45232Kb max_used=45660Kb free=200527Kb
 bounds [0x00000000051d0000, 0x0000000007ef0000, 0x00000000141d0000]
 total_blobs=13986 nmethods=13146 adapters=753
 compilation: enabled

Compilation events (10 events):
Event: 5120.479 Thread 0x0000000018b92800 16889       4       org.gradle.execution.plan.DefaultPlanExecutor$ExecutorWorker$2::transform (9 bytes)
Event: 5120.941 Thread 0x0000000018b3b800 16890       4       org.gradle.internal.operations.DefaultBuildOperationExecutor$CallableBuildOperationWorker::execute (10 bytes)
Event: 5120.943 Thread 0x0000000018b3b800 nmethod 16890 0x000000000647ed90 code [0x000000000647eee0, 0x000000000647eff8]
Event: 5121.273 Thread 0x0000000018b3b800 16891       4       org.gradle.internal.classloader.CachingClassLoader::equals (33 bytes)
Event: 5121.276 Thread 0x0000000018b3b800 nmethod 16891 0x0000000005f74f50 code [0x0000000005f750a0, 0x0000000005f75178]
Event: 5121.339 Thread 0x0000000018b3b800 16892       4       org.gradle.internal.resources.AbstractTrackedResourceLock::isLocked (9 bytes)
Event: 5121.343 Thread 0x0000000018b3b800 nmethod 16892 0x0000000005f74b10 code [0x0000000005f74c60, 0x0000000005f74d88]
Event: 5121.476 Thread 0x0000000018b3b800 16893       4       org.gradle.execution.plan.DefaultExecutionPlan::hasNodesRemaining (59 bytes)
Event: 5121.494 Thread 0x0000000018b3b800 nmethod 16893 0x00000000057031d0 code [0x0000000005703360, 0x0000000005703758]
Event: 5121.575 Thread 0x0000000018b3b800 16894       4       org.gradle.execution.plan.DefaultExecutionPlan::selectNext (222 bytes)

GC Heap History (10 events):
Event: 1318.561 GC heap before
{Heap before GC invocations=21 (full 4):
 PSYoungGen      total 318976K, used 313703K [0x00000000e0000000, 0x00000000fb900000, 0x0000000100000000)
  eden space 293888K, 100% used [0x00000000e0000000,0x00000000f1f00000,0x00000000f1f00000)
  from space 25088K, 78% used [0x00000000f5280000,0x00000000f65d9c48,0x00000000f6b00000)
  to   space 52736K, 0% used [0x00000000f1f00000,0x00000000f1f00000,0x00000000f5280000)
 ParOldGen       total 180224K, used 106275K [0x00000000a0000000, 0x00000000ab000000, 0x00000000e0000000)
  object space 180224K, 58% used [0x00000000a0000000,0x00000000a67c8da8,0x00000000ab000000)
 Metaspace       used 82219K, capacity 85381K, committed 85632K, reserved 1124352K
  class space    used 10930K, capacity 11555K, committed 11648K, reserved 1048576K
Event: 1318.682 GC heap after
Heap after GC invocations=21 (full 4):
 PSYoungGen      total 346624K, used 14144K [0x00000000e0000000, 0x00000000fb800000, 0x0000000100000000)
  eden space 293888K, 0% used [0x00000000e0000000,0x00000000e0000000,0x00000000f1f00000)
  from space 52736K, 26% used [0x00000000f1f00000,0x00000000f2cd0248,0x00000000f5280000)
  to   space 49664K, 0% used [0x00000000f8780000,0x00000000f8780000,0x00000000fb800000)
 ParOldGen       total 180224K, used 117252K [0x00000000a0000000, 0x00000000ab000000, 0x00000000e0000000)
  object space 180224K, 65% used [0x00000000a0000000,0x00000000a7281038,0x00000000ab000000)
 Metaspace       used 82219K, capacity 85381K, committed 85632K, reserved 1124352K
  class space    used 10930K, capacity 11555K, committed 11648K, reserved 1048576K
}
Event: 1339.535 GC heap before
{Heap before GC invocations=22 (full 4):
 PSYoungGen      total 346624K, used 308032K [0x00000000e0000000, 0x00000000fb800000, 0x0000000100000000)
  eden space 293888K, 100% used [0x00000000e0000000,0x00000000f1f00000,0x00000000f1f00000)
  from space 52736K, 26% used [0x00000000f1f00000,0x00000000f2cd0248,0x00000000f5280000)
  to   space 49664K, 0% used [0x00000000f8780000,0x00000000f8780000,0x00000000fb800000)
 ParOldGen       total 180224K, used 117252K [0x00000000a0000000, 0x00000000ab000000, 0x00000000e0000000)
  object space 180224K, 65% used [0x00000000a0000000,0x00000000a7281038,0x00000000ab000000)
 Metaspace       used 82671K, capacity 85797K, committed 85888K, reserved 1124352K
  class space    used 10941K, capacity 11587K, committed 11648K, reserved 1048576K
Event: 1339.886 GC heap after
Heap after GC invocations=22 (full 4):
 PSYoungGen      total 381440K, used 49662K [0x00000000e0000000, 0x00000000fe400000, 0x0000000100000000)
  eden space 331776K, 0% used [0x00000000e0000000,0x00000000e0000000,0x00000000f4400000)
  from space 49664K, 99% used [0x00000000f8780000,0x00000000fb7ff9f0,0x00000000fb800000)
  to   space 69120K, 0% used [0x00000000f4400000,0x00000000f4400000,0x00000000f8780000)
 ParOldGen       total 180224K, used 146335K [0x00000000a0000000, 0x00000000ab000000, 0x00000000e0000000)
  object space 180224K, 81% used [0x00000000a0000000,0x00000000a8ee7e70,0x00000000ab000000)
 Metaspace       used 82671K, capacity 85797K, committed 85888K, reserved 1124352K
  class space    used 10941K, capacity 11587K, committed 11648K, reserved 1048576K
}
Event: 1339.887 GC heap before
{Heap before GC invocations=23 (full 5):
 PSYoungGen      total 381440K, used 49662K [0x00000000e0000000, 0x00000000fe400000, 0x0000000100000000)
  eden space 331776K, 0% used [0x00000000e0000000,0x00000000e0000000,0x00000000f4400000)
  from space 49664K, 99% used [0x00000000f8780000,0x00000000fb7ff9f0,0x00000000fb800000)
  to   space 69120K, 0% used [0x00000000f4400000,0x00000000f4400000,0x00000000f8780000)
 ParOldGen       total 180224K, used 146335K [0x00000000a0000000, 0x00000000ab000000, 0x00000000e0000000)
  object space 180224K, 81% used [0x00000000a0000000,0x00000000a8ee7e70,0x00000000ab000000)
 Metaspace       used 82671K, capacity 85797K, committed 85888K, reserved 1124352K
  class space    used 10941K, capacity 11587K, committed 11648K, reserved 1048576K
Event: 1341.224 GC heap after
Heap after GC invocations=23 (full 5):
 PSYoungGen      total 381440K, used 0K [0x00000000e0000000, 0x00000000fe400000, 0x0000000100000000)
  eden space 331776K, 0% used [0x00000000e0000000,0x00000000e0000000,0x00000000f4400000)
  from space 49664K, 0% used [0x00000000f8780000,0x00000000f8780000,0x00000000fb800000)
  to   space 69120K, 0% used [0x00000000f4400000,0x00000000f4400000,0x00000000f8780000)
 ParOldGen       total 207360K, used 122457K [0x00000000a0000000, 0x00000000aca80000, 0x00000000e0000000)
  object space 207360K, 59% used [0x00000000a0000000,0x00000000a77967b0,0x00000000aca80000)
 Metaspace       used 82671K, capacity 85797K, committed 85888K, reserved 1124352K
  class space    used 10941K, capacity 11587K, committed 11648K, reserved 1048576K
}
Event: 4969.539 GC heap before
{Heap before GC invocations=24 (full 5):
 PSYoungGen      total 381440K, used 331776K [0x00000000e0000000, 0x00000000fe400000, 0x0000000100000000)
  eden space 331776K, 100% used [0x00000000e0000000,0x00000000f4400000,0x00000000f4400000)
  from space 49664K, 0% used [0x00000000f8780000,0x00000000f8780000,0x00000000fb800000)
  to   space 69120K, 0% used [0x00000000f4400000,0x00000000f4400000,0x00000000f8780000)
 ParOldGen       total 207360K, used 122457K [0x00000000a0000000, 0x00000000aca80000, 0x00000000e0000000)
  object space 207360K, 59% used [0x00000000a0000000,0x00000000a77967b0,0x00000000aca80000)
 Metaspace       used 83282K, capacity 86565K, committed 86656K, reserved 1124352K
  class space    used 10983K, capacity 11639K, committed 11648K, reserved 1048576K
Event: 4975.451 GC heap after
Heap after GC invocations=24 (full 5):
 PSYoungGen      total 400896K, used 11968K [0x00000000e0000000, 0x0000000100000000, 0x0000000100000000)
  eden space 331776K, 0% used [0x00000000e0000000,0x00000000e0000000,0x00000000f4400000)
  from space 69120K, 17% used [0x00000000f4400000,0x00000000f4fb00d0,0x00000000f8780000)
  to   space 66560K, 0% used [0x00000000fbf00000,0x00000000fbf00000,0x0000000100000000)
 ParOldGen       total 207360K, used 122465K [0x00000000a0000000, 0x00000000aca80000, 0x00000000e0000000)
  object space 207360K, 59% used [0x00000000a0000000,0x00000000a77987b0,0x00000000aca80000)
 Metaspace       used 83282K, capacity 86565K, committed 86656K, reserved 1124352K
  class space    used 10983K, capacity 11639K, committed 11648K, reserved 1048576K
}
Event: 5037.248 GC heap before
{Heap before GC invocations=25 (full 5):
 PSYoungGen      total 400896K, used 343685K [0x00000000e0000000, 0x0000000100000000, 0x0000000100000000)
  eden space 331776K, 99% used [0x00000000e0000000,0x00000000f43f16e8,0x00000000f4400000)
  from space 69120K, 17% used [0x00000000f4400000,0x00000000f4fb00d0,0x00000000f8780000)
  to   space 66560K, 0% used [0x00000000fbf00000,0x00000000fbf00000,0x0000000100000000)
 ParOldGen       total 207360K, used 122465K [0x00000000a0000000, 0x00000000aca80000, 0x00000000e0000000)
  object space 207360K, 59% used [0x00000000a0000000,0x00000000a77987b0,0x00000000aca80000)
 Metaspace       used 83634K, capacity 86873K, committed 87040K, reserved 1124352K
  class space    used 10994K, capacity 11651K, committed 11776K, reserved 1048576K
Event: 5037.607 GC heap after
Heap after GC invocations=25 (full 5):
 PSYoungGen      total 422912K, used 66545K [0x00000000e0000000, 0x0000000100000000, 0x0000000100000000)
  eden space 356352K, 0% used [0x00000000e0000000,0x00000000e0000000,0x00000000f5c00000)
  from space 66560K, 99% used [0x00000000fbf00000,0x00000000ffffc4b0,0x0000000100000000)
  to   space 83968K, 0% used [0x00000000f5c00000,0x00000000f5c00000,0x00000000fae00000)
 ParOldGen       total 207360K, used 136429K [0x00000000a0000000, 0x00000000aca80000, 0x00000000e0000000)
  object space 207360K, 65% used [0x00000000a0000000,0x00000000a853b5b8,0x00000000aca80000)
 Metaspace       used 83634K, capacity 86873K, committed 87040K, reserved 1124352K
  class space    used 10994K, capacity 11651K, committed 11776K, reserved 1048576K
}

Deoptimization events (10 events):
Event: 5040.459 Thread 0x000000001e61b000 Uncommon trap: reason=class_check action=maybe_recompile pc=0x00000000069e5fc8 method=com.android.tools.build.apkzlib.zip.ZipField.checkVerifiesInvariants(J)V @ 25
Event: 5040.615 Thread 0x000000001e61b000 Uncommon trap: reason=class_check action=maybe_recompile pc=0x000000000573074c method=java.util.zip.InflaterInputStream.read([BII)I @ 100
Event: 5042.845 Thread 0x000000001ee35000 Uncommon trap: reason=bimorphic action=maybe_recompile pc=0x0000000007e41294 method=java.util.stream.MatchOps$1MatchSink.accept(Ljava/lang/Object;)V @ 12
Event: 5043.174 Thread 0x000000001ee30800 Uncommon trap: reason=class_check action=maybe_recompile pc=0x0000000007e41a20 method=java.util.Spliterators$ArraySpliterator.tryAdvance(Ljava/util/function/Consumer;)Z @ 49
Event: 5043.177 Thread 0x000000001ee30800 Uncommon trap: reason=class_check action=maybe_recompile pc=0x0000000007e41a20 method=java.util.Spliterators$ArraySpliterator.tryAdvance(Ljava/util/function/Consumer;)Z @ 49
Event: 5095.275 Thread 0x000000001ee2f800 Uncommon trap: reason=class_check action=maybe_recompile pc=0x0000000007a2b8e4 method=java.util.concurrent.ThreadPoolExecutor.getTask()Ljava/lang/Runnable; @ 139
Event: 5095.314 Thread 0x000000001ee30800 Uncommon trap: reason=class_check action=maybe_recompile pc=0x0000000007a2b8e4 method=java.util.concurrent.ThreadPoolExecutor.getTask()Ljava/lang/Runnable; @ 139
Event: 5097.336 Thread 0x000000001ee30800 Uncommon trap: reason=bimorphic action=maybe_recompile pc=0x0000000007e41294 method=java.util.stream.MatchOps$1MatchSink.accept(Ljava/lang/Object;)V @ 12
Event: 5097.441 Thread 0x000000001ee30800 Uncommon trap: reason=class_check action=maybe_recompile pc=0x0000000007e41a20 method=java.util.Spliterators$ArraySpliterator.tryAdvance(Ljava/util/function/Consumer;)Z @ 49
Event: 5100.378 Thread 0x000000001ee32000 Uncommon trap: reason=unstable_if action=reinterpret pc=0x0000000006497b00 method=java.util.concurrent.locks.ReentrantLock$Sync.nonfairTryAcquire(I)Z @ 19

Classes redefined (0 events):
No events

Internal exceptions (10 events):
Event: 4791.335 Thread 0x000000001e618000 Exception <a 'java/lang/reflect/InvocationTargetException'> (0x00000000f19ef4b0) thrown at [D:\src\AOSP-openjdk-cygwin\jdk8u\hotspot\src\share\vm\runtime\reflection.cpp, line 1092]
Event: 4792.105 Thread 0x000000001e621000 Exception <a 'java/lang/NoSuchMethodError': <clinit>> (0x00000000f046dee8) thrown at [D:\src\AOSP-openjdk-cygwin\jdk8u\hotspot\src\share\vm\prims\jni.cpp, line 1614]
Event: 4792.111 Thread 0x000000001e621000 Exception <a 'java/lang/NoSuchMethodError': <clinit>> (0x00000000f047dfc0) thrown at [D:\src\AOSP-openjdk-cygwin\jdk8u\hotspot\src\share\vm\prims\jni.cpp, line 1614]
Event: 4792.402 Thread 0x000000001e621000 Exception <a 'java/lang/NoSuchMethodError': <clinit>> (0x00000000f1ba38a0) thrown at [D:\src\AOSP-openjdk-cygwin\jdk8u\hotspot\src\share\vm\prims\jni.cpp, line 1614]
Event: 4967.617 Thread 0x000000001ee30800 Exception <a 'sun/nio/fs/WindowsException'> (0x00000000f2d854a8) thrown at [D:\src\AOSP-openjdk-cygwin\jdk8u\hotspot\src\share\vm\prims\jni.cpp, line 710]
Event: 5015.369 Thread 0x000000001e61e000 Exception <a 'sun/nio/fs/WindowsException'> (0x00000000ea16e908) thrown at [D:\src\AOSP-openjdk-cygwin\jdk8u\hotspot\src\share\vm\prims\jni.cpp, line 710]
Event: 5016.744 Thread 0x000000001e61e000 Exception <a 'sun/nio/fs/WindowsException'> (0x00000000ea264ef8) thrown at [D:\src\AOSP-openjdk-cygwin\jdk8u\hotspot\src\share\vm\prims\jni.cpp, line 710]
Event: 5035.062 Thread 0x000000001e618000 Exception <a 'sun/nio/fs/WindowsException'> (0x00000000eb3b4938) thrown at [D:\src\AOSP-openjdk-cygwin\jdk8u\hotspot\src\share\vm\prims\jni.cpp, line 710]
Event: 5039.244 Thread 0x000000001e621000 Exception <a 'sun/nio/fs/WindowsException'> (0x00000000e6f6ad50) thrown at [D:\src\AOSP-openjdk-cygwin\jdk8u\hotspot\src\share\vm\prims\jni.cpp, line 710]
Event: 5097.242 Thread 0x000000001ee30800 Exception <a 'sun/nio/fs/WindowsException'> (0x00000000ea683eb0) thrown at [D:\src\AOSP-openjdk-cygwin\jdk8u\hotspot\src\share\vm\prims\jni.cpp, line 710]

Events (10 events):
Event: 5112.193 Thread 0x0000000018b9d800 flushing nmethod 0x0000000007e4f690
Event: 5112.193 Thread 0x0000000018b9d800 flushing nmethod 0x0000000007e5ad50
Event: 5115.454 Executing VM operation: RevokeBias
Event: 5115.455 Executing VM operation: RevokeBias done
Event: 5116.233 Executing VM operation: RevokeBias
Event: 5116.234 Executing VM operation: RevokeBias done
Event: 5118.023 Executing VM operation: RevokeBias
Event: 5118.023 Executing VM operation: RevokeBias done
Event: 5119.250 Executing VM operation: RevokeBias
Event: 5119.251 Executing VM operation: RevokeBias done


Dynamic libraries:
0x00007ff730f50000 - 0x00007ff730f81000 	C:\Program Files\Android\Android Studio\jre\bin\java.exe
0x00007ffbcd0e0000 - 0x00007ffbcd2c0000 	C:\Windows\SYSTEM32\ntdll.dll
0x00007ffbca7a0000 - 0x00007ffbca84e000 	C:\Windows\System32\KERNEL32.DLL
0x00007ffbc9950000 - 0x00007ffbc9bb6000 	C:\Windows\System32\KERNELBASE.dll
0x00007ffbcca10000 - 0x00007ffbccab1000 	C:\Windows\System32\ADVAPI32.dll
0x00007ffbcccd0000 - 0x00007ffbccd6d000 	C:\Windows\System32\msvcrt.dll
0x00007ffbcaa50000 - 0x00007ffbcaaab000 	C:\Windows\System32\sechost.dll
0x00007ffbca850000 - 0x00007ffbca96f000 	C:\Windows\System32\RPCRT4.dll
0x00007ffbca5b0000 - 0x00007ffbca73e000 	C:\Windows\System32\USER32.dll
0x00007ffbc9bc0000 - 0x00007ffbc9be0000 	C:\Windows\System32\win32u.dll
0x00007ffbccac0000 - 0x00007ffbccae8000 	C:\Windows\System32\GDI32.dll
0x00007ffbc9530000 - 0x00007ffbc96c1000 	C:\Windows\System32\gdi32full.dll
0x00007ffbc98b0000 - 0x00007ffbc994b000 	C:\Windows\System32\msvcp_win.dll
0x00007ffbc96d0000 - 0x00007ffbc97c6000 	C:\Windows\System32\ucrtbase.dll
0x00007ffbb8960000 - 0x00007ffbb8bc9000 	C:\Windows\WinSxS\amd64_microsoft.windows.common-controls_6595b64144ccf1df_6.0.16299.15_none_cc92fb402215d91d\COMCTL32.dll
0x00007ffbcc6d0000 - 0x00007ffbcc9d8000 	C:\Windows\System32\combase.dll
0x00007ffbc97d0000 - 0x00007ffbc9842000 	C:\Windows\System32\bcryptPrimitives.dll
0x00007ffbcc9e0000 - 0x00007ffbcca0d000 	C:\Windows\System32\IMM32.DLL
0x00000000508e0000 - 0x00000000509b2000 	C:\Program Files\Android\Android Studio\jre\jre\bin\msvcr100.dll
0x0000000050aa0000 - 0x00000000512e6000 	C:\Program Files\Android\Android Studio\jre\jre\bin\server\jvm.dll
0x00007ffbccf70000 - 0x00007ffbccf78000 	C:\Windows\System32\PSAPI.DLL
0x00007ffbc2490000 - 0x00007ffbc2499000 	C:\Windows\SYSTEM32\WSOCK32.dll
0x00007ffbcb220000 - 0x00007ffbcb28c000 	C:\Windows\System32\WS2_32.dll
0x00007ffbc73f0000 - 0x00007ffbc7413000 	C:\Windows\SYSTEM32\WINMM.dll
0x00007ffbc3d90000 - 0x00007ffbc3d9a000 	C:\Windows\SYSTEM32\VERSION.dll
0x00007ffbc73c0000 - 0x00007ffbc73ea000 	C:\Windows\SYSTEM32\WINMMBASE.dll
0x00007ffbc94e0000 - 0x00007ffbc952a000 	C:\Windows\System32\cfgmgr32.dll
0x00007ffbc2480000 - 0x00007ffbc248f000 	C:\Program Files\Android\Android Studio\jre\jre\bin\verify.dll
0x00007ffbbfc70000 - 0x00007ffbbfc99000 	C:\Program Files\Android\Android Studio\jre\jre\bin\java.dll
0x00007ffbbfc50000 - 0x00007ffbbfc66000 	C:\Program Files\Android\Android Studio\jre\jre\bin\zip.dll
0x00007ffbcb290000 - 0x00007ffbcc6c7000 	C:\Windows\System32\SHELL32.dll
0x00007ffbccec0000 - 0x00007ffbccf66000 	C:\Windows\System32\shcore.dll
0x00007ffbc9db0000 - 0x00007ffbca4f7000 	C:\Windows\System32\windows.storage.dll
0x00007ffbca740000 - 0x00007ffbca791000 	C:\Windows\System32\shlwapi.dll
0x00007ffbc94c0000 - 0x00007ffbc94d1000 	C:\Windows\System32\kernel.appcore.dll
0x00007ffbc9470000 - 0x00007ffbc94bc000 	C:\Windows\System32\powrprof.dll
0x00007ffbc9450000 - 0x00007ffbc946b000 	C:\Windows\System32\profapi.dll
0x00007ffbbfc30000 - 0x00007ffbbfc4a000 	C:\Program Files\Android\Android Studio\jre\jre\bin\net.dll
0x00007ffbc8cc0000 - 0x00007ffbc8d26000 	C:\Windows\system32\mswsock.dll
0x00007ffbbfc10000 - 0x00007ffbbfc21000 	C:\Program Files\Android\Android Studio\jre\jre\bin\nio.dll
0x00007ffbc28e0000 - 0x00007ffbc2906000 	C:\Users\User\.gradle\native\29\windows-amd64\native-platform.dll
0x00007ffbc2470000 - 0x00007ffbc247d000 	C:\Program Files\Android\Android Studio\jre\jre\bin\management.dll
0x00007ffbc8e80000 - 0x00007ffbc8e97000 	C:\Windows\SYSTEM32\CRYPTSP.dll
0x00007ffbc88d0000 - 0x00007ffbc8903000 	C:\Windows\system32\rsaenh.dll
0x00007ffbc8f90000 - 0x00007ffbc8fb5000 	C:\Windows\SYSTEM32\bcrypt.dll
0x00007ffbc9330000 - 0x00007ffbc9359000 	C:\Windows\SYSTEM32\USERENV.dll
0x00007ffbc8ea0000 - 0x00007ffbc8eab000 	C:\Windows\SYSTEM32\CRYPTBASE.dll
0x00007ffbc8a50000 - 0x00007ffbc8a89000 	C:\Windows\SYSTEM32\IPHLPAPI.DLL
0x00007ffbccc60000 - 0x00007ffbccc68000 	C:\Windows\System32\NSI.dll
0x00007ffbc1b90000 - 0x00007ffbc1ba6000 	C:\Windows\SYSTEM32\dhcpcsvc6.DLL
0x00007ffbc1e20000 - 0x00007ffbc1e3a000 	C:\Windows\SYSTEM32\dhcpcsvc.DLL

VM Arguments:
jvm_args: -Xmx1536m -Dfile.encoding=windows-1252 -Duser.country=IN -Duser.language=en -Duser.variant 
java_command: org.gradle.launcher.daemon.bootstrap.GradleDaemon 5.4.1
java_class_path (initial): C:\Users\User\.gradle\wrapper\dists\gradle-5.4.1-all\3221gyojl5jsh0helicew7rwx\gradle-5.4.1\lib\gradle-launcher-5.4.1.jar
Launcher Type: SUN_STANDARD

Environment Variables:
PATH=C:\Windows\system32;C:\Windows;C:\Windows\System32\Wbem;C:\Windows\System32\WindowsPowerShell\v1.0\;C:\Program Files\Java\jdk-12.0.2\bin;C:\Program Files\nodejs\;C:\Program Files\Git\cmd;C:\Users\User\AppData\Local\Microsoft\WindowsApps;C:\Users\User\AppData\Roaming\npm
USERNAME=User
OS=Windows_NT
PROCESSOR_IDENTIFIER=AMD64 Family 22 Model 48 Stepping 1, AuthenticAMD



---------------  S Y S T E M  ---------------

OS: Windows 10.0 , 64 bit Build 16299 (10.0.16299.15)

CPU:total 4 (initial active 4) (4 cores per cpu, 1 threads per core) family 22 model 48 stepping 1, cmov, cx8, fxsr, mmx, sse, sse2, sse3, ssse3, sse4.1, sse4.2, popcnt, avx, aes, clmul, mmxext, 3dnowpref, lzcnt, sse4a, tsc, tscinvbit, tscinv, bmi1

Memory: 4k page, physical 3629332k(231136k free), swap 14639380k(1512k free)

vm_info: OpenJDK 64-Bit Server VM (25.202-b03) for windows-amd64 JRE (1.8.0_202-release-1483-b03), built by "builder" with MS VC++ 10.0 (VS2010)

time: Sat Jan 04 17:31:50 2020
timezone: India Standard Time
elapsed time: 5123 seconds (0d 1h 25m 23s)

