#
# There is insufficient memory for the Java Runtime Environment to continue.
# Native memory allocation (malloc) failed to allocate 946576 bytes for Chunk::new
# Possible reasons:
#   The system is out of physical RAM or swap space
#   The process is running with CompressedOops enabled, and the Java Heap may be blocking the growth of the native heap
# Possible solutions:
#   Reduce memory load on the system
#   Increase physical memory or swap space
#   Check if swap backing store is full
#   Decrease Java heap size (-Xmx/-Xms)
#   Decrease number of Java threads
#   Decrease Java thread stack sizes (-Xss)
#   Set larger code cache with -XX:ReservedCodeCacheSize=
#   JVM is running with Unscaled Compressed Oops mode in which the Java heap is
#     placed in the first 4GB address space. The Java Heap base address is the
#     maximum limit for the native heap growth. Please use -XX:HeapBaseMinAddress
#     to set the Java Heap base and to place the Java Heap above 4GB virtual address.
# This output file may be truncated or incomplete.
#
#  Out of Memory Error (allocation.cpp:389), pid=9020, tid=0x0000000000001048
#
# JRE version: OpenJDK Runtime Environment (8.0_202-b03) (build 1.8.0_202-release-1483-b03)
# Java VM: OpenJDK 64-Bit Server VM (25.202-b03 mixed mode windows-amd64 compressed oops)
# Failed to write core dump. Minidumps are not enabled by default on client versions of Windows
#

---------------  T H R E A D  ---------------

Current thread (0x000000001881b800):  JavaThread "C2 CompilerThread0" daemon [_thread_in_native, id=4168, stack(0x0000000019e60000,0x0000000019f60000)]

Stack: [0x0000000019e60000,0x0000000019f60000]
[error occurred during error reporting (printing stack bounds), id 0xc0000005]

Native frames: (J=compiled Java code, j=interpreted, Vv=VM code, C=native code)


Current CompileTask:
C2:  12903 2271   !   4       java.net.URLClassLoader$1::run (63 bytes)


---------------  P R O C E S S  ---------------

Java Threads: ( => current thread )
  0x000000001ec20800 JavaThread "Cache worker for execution history cache (C:\Users\User\.gradle\caches\5.4.1\executionHistory)" [_thread_blocked, id=4844, stack(0x0000000021590000,0x0000000021690000)]
  0x000000001bae6000 JavaThread "Cache worker for cache directory md-rule (C:\Users\User\.gradle\caches\5.4.1\md-rule)" [_thread_blocked, id=7152, stack(0x0000000021490000,0x0000000021590000)]
  0x000000001bae5000 JavaThread "Cache worker for cache directory md-supplier (C:\Users\User\.gradle\caches\5.4.1\md-supplier)" [_thread_blocked, id=6936, stack(0x0000000021390000,0x0000000021490000)]
  0x000000001bae8000 JavaThread "Cache worker for file hash cache (C:\Users\User\AndroidStudioProjects\BookMyRoom\.gradle\5.4.1\fileHashes)" [_thread_blocked, id=4776, stack(0x0000000020a90000,0x0000000020b90000)]
  0x000000001bae6800 JavaThread "Cache worker for journal cache (C:\Users\User\.gradle\caches\journal-1)" [_thread_blocked, id=4424, stack(0x000000001d5b0000,0x000000001d6b0000)]
  0x000000001bae2000 JavaThread "File lock request listener" [_thread_in_native, id=4300, stack(0x000000001d2b0000,0x000000001d3b0000)]
  0x000000001baec000 JavaThread "Cache worker for file hash cache (C:\Users\User\.gradle\caches\5.4.1\fileHashes)" [_thread_blocked, id=2928, stack(0x000000001d1b0000,0x000000001d2b0000)]
  0x000000001b8cb000 JavaThread "Thread-9" [_thread_blocked, id=6648, stack(0x000000001d0b0000,0x000000001d1b0000)]
  0x000000001b9bc800 JavaThread "Stdin handler" [_thread_blocked, id=124, stack(0x000000001cfb0000,0x000000001d0b0000)]
  0x000000001b867000 JavaThread "Asynchronous log dispatcher for DefaultDaemonConnection: socket connection from /127.0.0.1:50841 to /127.0.0.1:50842" [_thread_blocked, id=6748, stack(0x000000001ceb0000,0x000000001cfb0000)]
  0x000000001b863800 JavaThread "Daemon worker" [_thread_in_native, id=908, stack(0x000000001cdb0000,0x000000001ceb0000)]
  0x000000001b861000 JavaThread "Cancel handler" [_thread_blocked, id=1628, stack(0x000000001ccb0000,0x000000001cdb0000)]
  0x000000001b852800 JavaThread "Handler for socket connection from /127.0.0.1:50841 to /127.0.0.1:50842" [_thread_in_native, id=5432, stack(0x000000001c9b0000,0x000000001cab0000)]
  0x000000001b851800 JavaThread "Daemon" [_thread_blocked, id=2228, stack(0x000000001c8b0000,0x000000001c9b0000)]
  0x000000001b778800 JavaThread "Daemon periodic checks" [_thread_blocked, id=1868, stack(0x000000001c7b0000,0x000000001c8b0000)]
  0x000000001b77a800 JavaThread "Incoming local TCP Connector on port 50841" [_thread_in_native, id=8956, stack(0x000000001c570000,0x000000001c670000)]
  0x000000001ba7a800 JavaThread "Daemon health stats" [_thread_blocked, id=5528, stack(0x000000001bf30000,0x000000001c030000)]
  0x000000001a190800 JavaThread "Service Thread" daemon [_thread_blocked, id=952, stack(0x000000001a560000,0x000000001a660000)]
  0x000000001882e800 JavaThread "C1 CompilerThread2" daemon [_thread_blocked, id=7488, stack(0x000000001a060000,0x000000001a160000)]
  0x000000001881f800 JavaThread "C2 CompilerThread1" daemon [_thread_in_native, id=6440, stack(0x0000000019f60000,0x000000001a060000)]
=>0x000000001881b800 JavaThread "C2 CompilerThread0" daemon [_thread_in_native, id=4168, stack(0x0000000019e60000,0x0000000019f60000)]
  0x000000001881a000 JavaThread "Attach Listener" daemon [_thread_blocked, id=1532, stack(0x0000000019d60000,0x0000000019e60000)]
  0x0000000018819000 JavaThread "Signal Dispatcher" daemon [_thread_blocked, id=4640, stack(0x0000000019c60000,0x0000000019d60000)]
  0x0000000004eaa800 JavaThread "Finalizer" daemon [_thread_blocked, id=8284, stack(0x0000000019a70000,0x0000000019b70000)]
  0x0000000018809000 JavaThread "Reference Handler" daemon [_thread_blocked, id=5848, stack(0x0000000019970000,0x0000000019a70000)]
  0x0000000004c0d800 JavaThread "main" [_thread_blocked, id=6132, stack(0x0000000004cb0000,0x0000000004db0000)]

Other Threads:
  0x00000000187e6000 VMThread [stack: 0x0000000019870000,0x0000000019970000] [id=8548]
  0x000000001886c800 WatcherThread [stack: 0x000000001a660000,0x000000001a760000] [id=5344]

VM state:not at safepoint (normal execution)

VM Mutex/Monitor currently owned by a thread: None

heap address: 0x00000000a0000000, size: 1536 MB, Compressed Oops mode: 32-bit
Narrow klass base: 0x0000000000000000, Narrow klass shift: 3
Compressed class space size: 1073741824 Address: 0x0000000100000000

Heap:
 PSYoungGen      total 64512K, used 38540K [0x00000000e0000000, 0x00000000e4600000, 0x0000000100000000)
  eden space 58368K, 55% used [0x00000000e0000000,0x00000000e1faa1b0,0x00000000e3900000)
  from space 6144K, 99% used [0x00000000e3900000,0x00000000e3ef90c0,0x00000000e3f00000)
  to   space 5120K, 0% used [0x00000000e3f00000,0x00000000e3f00000,0x00000000e4400000)
 ParOldGen       total 29184K, used 8381K [0x00000000a0000000, 0x00000000a1c80000, 0x00000000e0000000)
  object space 29184K, 28% used [0x00000000a0000000,0x00000000a082f530,0x00000000a1c80000)
 Metaspace       used 29838K, capacity 30388K, committed 30464K, reserved 1075200K
  class space    used 4133K, capacity 4335K, committed 4352K, reserved 1048576K

Card table byte_map: [0x0000000014270000,0x0000000014580000] byte_map_base: 0x0000000013d70000

Marking Bits: (ParMarkBitMap*) 0x00000000579f9f30
 Begin Bits: [0x0000000014b80000, 0x0000000016380000)
 End Bits:   [0x0000000016380000, 0x0000000017b80000)

Polling page: 0x0000000000bf0000

CodeCache: size=245760Kb used=8005Kb max_used=8005Kb free=237754Kb
 bounds [0x0000000004eb0000, 0x0000000005690000, 0x0000000013eb0000]
 total_blobs=2757 nmethods=2085 adapters=586
 compilation: enabled

Compilation events (10 events):
Event: 12.865 Thread 0x000000001882e800 2297       1       org.gradle.internal.logging.sink.OutputEventListenerManager::access$000 (5 bytes)
Event: 12.866 Thread 0x000000001882e800 nmethod 2297 0x0000000005684190 code [0x00000000056842e0, 0x00000000056843d0]
Event: 12.866 Thread 0x000000001882e800 2298       3       org.gradle.internal.logging.sink.LogEventDispatcher::onOutput (60 bytes)
Event: 12.867 Thread 0x000000001882e800 nmethod 2298 0x0000000005684450 code [0x0000000005684640, 0x0000000005684fb8]
Event: 12.867 Thread 0x000000001882e800 2299   !   3       sun.reflect.GeneratedMethodAccessor1::invoke (68 bytes)
Event: 12.868 Thread 0x000000001882e800 nmethod 2299 0x00000000056854d0 code [0x00000000056856c0, 0x0000000005685eb8]
Event: 12.868 Thread 0x000000001882e800 2300       1       org.gradle.internal.logging.sink.OutputEventListenerManager::access$100 (5 bytes)
Event: 12.868 Thread 0x000000001882e800 nmethod 2300 0x00000000056862d0 code [0x0000000005686420, 0x0000000005686510]
Event: 12.871 Thread 0x000000001882e800 2301       3       java.util.Arrays::fill (21 bytes)
Event: 12.872 Thread 0x000000001882e800 nmethod 2301 0x00000000056867d0 code [0x0000000005686940, 0x0000000005686b30]

GC Heap History (10 events):
Event: 5.811 GC heap before
{Heap before GC invocations=6 (full 0):
 PSYoungGen      total 31744K, used 31712K [0x00000000e0000000, 0x00000000e4400000, 0x0000000100000000)
  eden space 29696K, 100% used [0x00000000e0000000,0x00000000e1d00000,0x00000000e1d00000)
  from space 2048K, 98% used [0x00000000e1d00000,0x00000000e1ef8020,0x00000000e1f00000)
  to   space 5120K, 0% used [0x00000000e3f00000,0x00000000e3f00000,0x00000000e4400000)
 ParOldGen       total 38400K, used 6731K [0x00000000a0000000, 0x00000000a2580000, 0x00000000e0000000)
  object space 38400K, 17% used [0x00000000a0000000,0x00000000a0692e78,0x00000000a2580000)
 Metaspace       used 14692K, capacity 15100K, committed 15360K, reserved 1062912K
  class space    used 2082K, capacity 2224K, committed 2304K, reserved 1048576K
Event: 5.823 GC heap after
Heap after GC invocations=6 (full 0):
 PSYoungGen      total 63488K, used 5101K [0x00000000e0000000, 0x00000000e4600000, 0x0000000100000000)
  eden space 58368K, 0% used [0x00000000e0000000,0x00000000e0000000,0x00000000e3900000)
  from space 5120K, 99% used [0x00000000e3f00000,0x00000000e43fb7b0,0x00000000e4400000)
  to   space 6144K, 0% used [0x00000000e3900000,0x00000000e3900000,0x00000000e3f00000)
 ParOldGen       total 38400K, used 6803K [0x00000000a0000000, 0x00000000a2580000, 0x00000000e0000000)
  object space 38400K, 17% used [0x00000000a0000000,0x00000000a06a4c88,0x00000000a2580000)
 Metaspace       used 14692K, capacity 15100K, committed 15360K, reserved 1062912K
  class space    used 2082K, capacity 2224K, committed 2304K, reserved 1048576K
}
Event: 9.181 GC heap before
{Heap before GC invocations=7 (full 0):
 PSYoungGen      total 63488K, used 63469K [0x00000000e0000000, 0x00000000e4600000, 0x0000000100000000)
  eden space 58368K, 100% used [0x00000000e0000000,0x00000000e3900000,0x00000000e3900000)
  from space 5120K, 99% used [0x00000000e3f00000,0x00000000e43fb7b0,0x00000000e4400000)
  to   space 6144K, 0% used [0x00000000e3900000,0x00000000e3900000,0x00000000e3f00000)
 ParOldGen       total 38400K, used 6803K [0x00000000a0000000, 0x00000000a2580000, 0x00000000e0000000)
  object space 38400K, 17% used [0x00000000a0000000,0x00000000a06a4c88,0x00000000a2580000)
 Metaspace       used 20363K, capacity 20848K, committed 21120K, reserved 1067008K
  class space    used 2953K, capacity 3125K, committed 3200K, reserved 1048576K
Event: 9.204 GC heap after
Heap after GC invocations=7 (full 0):
 PSYoungGen      total 64512K, used 6137K [0x00000000e0000000, 0x00000000e4600000, 0x0000000100000000)
  eden space 58368K, 0% used [0x00000000e0000000,0x00000000e0000000,0x00000000e3900000)
  from space 6144K, 99% used [0x00000000e3900000,0x00000000e3efe748,0x00000000e3f00000)
  to   space 5120K, 0% used [0x00000000e3f00000,0x00000000e3f00000,0x00000000e4400000)
 ParOldGen       total 38400K, used 11036K [0x00000000a0000000, 0x00000000a2580000, 0x00000000e0000000)
  object space 38400K, 28% used [0x00000000a0000000,0x00000000a0ac7210,0x00000000a2580000)
 Metaspace       used 20363K, capacity 20848K, committed 21120K, reserved 1067008K
  class space    used 2953K, capacity 3125K, committed 3200K, reserved 1048576K
}
Event: 9.229 GC heap before
{Heap before GC invocations=8 (full 0):
 PSYoungGen      total 64512K, used 7522K [0x00000000e0000000, 0x00000000e4600000, 0x0000000100000000)
  eden space 58368K, 2% used [0x00000000e0000000,0x00000000e015a288,0x00000000e3900000)
  from space 6144K, 99% used [0x00000000e3900000,0x00000000e3efe748,0x00000000e3f00000)
  to   space 5120K, 0% used [0x00000000e3f00000,0x00000000e3f00000,0x00000000e4400000)
 ParOldGen       total 38400K, used 11036K [0x00000000a0000000, 0x00000000a2580000, 0x00000000e0000000)
  object space 38400K, 28% used [0x00000000a0000000,0x00000000a0ac7210,0x00000000a2580000)
 Metaspace       used 20712K, capacity 21168K, committed 21296K, reserved 1067008K
  class space    used 2953K, capacity 3125K, committed 3200K, reserved 1048576K
Event: 9.236 GC heap after
Heap after GC invocations=8 (full 0):
 PSYoungGen      total 63488K, used 4360K [0x00000000e0000000, 0x00000000e4600000, 0x0000000100000000)
  eden space 58368K, 0% used [0x00000000e0000000,0x00000000e0000000,0x00000000e3900000)
  from space 5120K, 85% used [0x00000000e3f00000,0x00000000e43420c8,0x00000000e4400000)
  to   space 6144K, 0% used [0x00000000e3900000,0x00000000e3900000,0x00000000e3f00000)
 ParOldGen       total 38400K, used 11692K [0x00000000a0000000, 0x00000000a2580000, 0x00000000e0000000)
  object space 38400K, 30% used [0x00000000a0000000,0x00000000a0b6b230,0x00000000a2580000)
 Metaspace       used 20712K, capacity 21168K, committed 21296K, reserved 1067008K
  class space    used 2953K, capacity 3125K, committed 3200K, reserved 1048576K
}
Event: 9.236 GC heap before
{Heap before GC invocations=9 (full 1):
 PSYoungGen      total 63488K, used 4360K [0x00000000e0000000, 0x00000000e4600000, 0x0000000100000000)
  eden space 58368K, 0% used [0x00000000e0000000,0x00000000e0000000,0x00000000e3900000)
  from space 5120K, 85% used [0x00000000e3f00000,0x00000000e43420c8,0x00000000e4400000)
  to   space 6144K, 0% used [0x00000000e3900000,0x00000000e3900000,0x00000000e3f00000)
 ParOldGen       total 38400K, used 11692K [0x00000000a0000000, 0x00000000a2580000, 0x00000000e0000000)
  object space 38400K, 30% used [0x00000000a0000000,0x00000000a0b6b230,0x00000000a2580000)
 Metaspace       used 20712K, capacity 21168K, committed 21296K, reserved 1067008K
  class space    used 2953K, capacity 3125K, committed 3200K, reserved 1048576K
Event: 9.326 GC heap after
Heap after GC invocations=9 (full 1):
 PSYoungGen      total 63488K, used 0K [0x00000000e0000000, 0x00000000e4600000, 0x0000000100000000)
  eden space 58368K, 0% used [0x00000000e0000000,0x00000000e0000000,0x00000000e3900000)
  from space 5120K, 0% used [0x00000000e3f00000,0x00000000e3f00000,0x00000000e4400000)
  to   space 6144K, 0% used [0x00000000e3900000,0x00000000e3900000,0x00000000e3f00000)
 ParOldGen       total 29184K, used 7596K [0x00000000a0000000, 0x00000000a1c80000, 0x00000000e0000000)
  object space 29184K, 26% used [0x00000000a0000000,0x00000000a076b200,0x00000000a1c80000)
 Metaspace       used 20712K, capacity 21168K, committed 21296K, reserved 1067008K
  class space    used 2953K, capacity 3125K, committed 3200K, reserved 1048576K
}
Event: 11.849 GC heap before
{Heap before GC invocations=10 (full 1):
 PSYoungGen      total 63488K, used 58368K [0x00000000e0000000, 0x00000000e4600000, 0x0000000100000000)
  eden space 58368K, 100% used [0x00000000e0000000,0x00000000e3900000,0x00000000e3900000)
  from space 5120K, 0% used [0x00000000e3f00000,0x00000000e3f00000,0x00000000e4400000)
  to   space 6144K, 0% used [0x00000000e3900000,0x00000000e3900000,0x00000000e3f00000)
 ParOldGen       total 29184K, used 7596K [0x00000000a0000000, 0x00000000a1c80000, 0x00000000e0000000)
  object space 29184K, 26% used [0x00000000a0000000,0x00000000a076b200,0x00000000a1c80000)
 Metaspace       used 27647K, capacity 28172K, committed 28288K, reserved 1073152K
  class space    used 3772K, capacity 3965K, committed 3968K, reserved 1048576K
Event: 11.859 GC heap after
Heap after GC invocations=10 (full 1):
 PSYoungGen      total 64512K, used 6116K [0x00000000e0000000, 0x00000000e4600000, 0x0000000100000000)
  eden space 58368K, 0% used [0x00000000e0000000,0x00000000e0000000,0x00000000e3900000)
  from space 6144K, 99% used [0x00000000e3900000,0x00000000e3ef90c0,0x00000000e3f00000)
  to   space 5120K, 0% used [0x00000000e3f00000,0x00000000e3f00000,0x00000000e4400000)
 ParOldGen       total 29184K, used 8381K [0x00000000a0000000, 0x00000000a1c80000, 0x00000000e0000000)
  object space 29184K, 28% used [0x00000000a0000000,0x00000000a082f530,0x00000000a1c80000)
 Metaspace       used 27647K, capacity 28172K, committed 28288K, reserved 1073152K
  class space    used 3772K, capacity 3965K, committed 3968K, reserved 1048576K
}

Deoptimization events (10 events):
Event: 8.588 Thread 0x000000001b863800 Uncommon trap: reason=unstable_if action=reinterpret pc=0x0000000004feaffc method=java.lang.ClassLoader.getClassLoadingLock(Ljava/lang/String;)Ljava/lang/Object; @ 6
Event: 8.791 Thread 0x000000001b863800 Uncommon trap: reason=bimorphic action=maybe_recompile pc=0x0000000005466b14 method=java.io.BufferedInputStream.read([BII)I @ 101
Event: 8.792 Thread 0x000000001b863800 Uncommon trap: reason=bimorphic action=maybe_recompile pc=0x0000000005466b14 method=java.io.BufferedInputStream.read([BII)I @ 101
Event: 8.793 Thread 0x000000001b863800 Uncommon trap: reason=bimorphic action=maybe_recompile pc=0x0000000005466b14 method=java.io.BufferedInputStream.read([BII)I @ 101
Event: 8.794 Thread 0x000000001b863800 Uncommon trap: reason=bimorphic action=maybe_recompile pc=0x0000000005466b14 method=java.io.BufferedInputStream.read([BII)I @ 101
Event: 9.206 Thread 0x0000000018809000 Uncommon trap: reason=unstable_if action=reinterpret pc=0x00000000053bfc0c method=java.lang.ref.Reference.tryHandlePending(Z)Z @ 104
Event: 11.260 Thread 0x000000001b863800 Uncommon trap: reason=unstable_if action=reinterpret pc=0x0000000005359ed4 method=java.util.HashMap.hash(Ljava/lang/Object;)I @ 1
Event: 11.286 Thread 0x000000001b863800 Uncommon trap: reason=unstable_if action=reinterpret pc=0x000000000516e228 method=java.util.HashMap.hash(Ljava/lang/Object;)I @ 1
Event: 11.501 Thread 0x000000001b863800 Uncommon trap: reason=unstable_if action=reinterpret pc=0x000000000516fc9c method=java.io.WinNTFileSystem.resolve(Ljava/lang/String;Ljava/lang/String;)Ljava/lang/String; @ 49
Event: 11.588 Thread 0x000000001b863800 Uncommon trap: reason=unstable_if action=reinterpret pc=0x0000000005192770 method=java.util.LinkedHashMap.afterNodeInsertion(Z)V @ 1

Classes redefined (0 events):
No events

Internal exceptions (10 events):
Event: 11.080 Thread 0x000000001b863800 Exception <a 'java/lang/ClassNotFoundException': org/gradle/internal/metaobject/ConfigureDelegateBeanInfo> (0x00000000e1d03210) thrown at [D:\src\AOSP-openjdk-cygwin\jdk8u\hotspot\src\share\vm\classfile\systemDictionary.cpp, line 210]
Event: 11.082 Thread 0x000000001b863800 Exception <a 'java/lang/ClassNotFoundException': org/gradle/internal/metaobject/ConfigureDelegateCustomizer> (0x00000000e1d2c050) thrown at [D:\src\AOSP-openjdk-cygwin\jdk8u\hotspot\src\share\vm\classfile\systemDictionary.cpp, line 210]
Event: 11.117 Thread 0x000000001b863800 Exception <a 'java/lang/ClassNotFoundException': org/gradle/api/internal/initialization/DefaultScriptHandlerBeanInfo> (0x00000000e1db0c80) thrown at [D:\src\AOSP-openjdk-cygwin\jdk8u\hotspot\src\share\vm\classfile\systemDictionary.cpp, line 210]
Event: 11.120 Thread 0x000000001b863800 Exception <a 'java/lang/ClassNotFoundException': org/gradle/api/internal/initialization/DefaultScriptHandlerCustomizer> (0x00000000e1de1100) thrown at [D:\src\AOSP-openjdk-cygwin\jdk8u\hotspot\src\share\vm\classfile\systemDictionary.cpp, line 210]
Event: 11.260 Thread 0x000000001b863800 Implicit null exception at 0x0000000005359cd5 to 0x0000000005359ec5
Event: 11.286 Thread 0x000000001b863800 Implicit null exception at 0x000000000516e1af to 0x000000000516e219
Event: 12.255 Thread 0x000000001b863800 Exception <a 'java/lang/ClassNotFoundException': org/gradle/api/internal/artifacts/dsl/dependencies/DefaultDependencyHandler_DecoratedBeanInfo> (0x00000000e0bb42b8) thrown at [D:\src\AOSP-openjdk-cygwin\jdk8u\hotspot\src\share\vm\classfile\systemDictionar
Event: 12.257 Thread 0x000000001b863800 Exception <a 'java/lang/ClassNotFoundException': org/gradle/api/internal/artifacts/dsl/dependencies/DefaultDependencyHandlerBeanInfo> (0x00000000e0c038d8) thrown at [D:\src\AOSP-openjdk-cygwin\jdk8u\hotspot\src\share\vm\classfile\systemDictionary.cpp, lin
Event: 12.259 Thread 0x000000001b863800 Exception <a 'java/lang/ClassNotFoundException': org/gradle/api/internal/artifacts/dsl/dependencies/DefaultDependencyHandlerCustomizer> (0x00000000e0c53f88) thrown at [D:\src\AOSP-openjdk-cygwin\jdk8u\hotspot\src\share\vm\classfile\systemDictionary.cpp, l
Event: 12.266 Thread 0x000000001b863800 Exception <a 'java/lang/ClassNotFoundException': org/gradle/api/internal/artifacts/dsl/dependencies/DefaultDependencyHandler_DecoratedCustomizer> (0x00000000e0cd76e0) thrown at [D:\src\AOSP-openjdk-cygwin\jdk8u\hotspot\src\share\vm\classfile\systemDiction

Events (10 events):
Event: 12.867 loading class org/gradle/internal/operations/OperationFinishEvent
Event: 12.867 loading class org/gradle/internal/operations/OperationFinishEvent done
Event: 12.868 loading class org/gradle/internal/operations/notify/BuildOperationNotificationBridge$Finished
Event: 12.868 loading class org/gradle/internal/operations/notify/BuildOperationNotificationBridge$Finished done
Event: 12.870 loading class org/gradle/tooling/internal/provider/events/DefaultOperationFinishedProgressEvent
Event: 12.870 loading class org/gradle/tooling/internal/provider/events/DefaultOperationFinishedProgressEvent done
Event: 12.871 loading class org/gradle/api/internal/tasks/testing/operations/ExecuteTestBuildOperationType$Result
Event: 12.871 loading class org/gradle/api/internal/tasks/testing/operations/ExecuteTestBuildOperationType$Result done
Event: 12.872 Executing VM operation: RevokeBias
Event: 12.872 Executing VM operation: RevokeBias done


Dynamic libraries:
0x00007ff6d9b50000 - 0x00007ff6d9b81000 	C:\Program Files\Android\Android Studio\jre\bin\java.exe
0x00007ff95bf20000 - 0x00007ff95c100000 	C:\Windows\SYSTEM32\ntdll.dll
0x00007ff95b3e0000 - 0x00007ff95b48e000 	C:\Windows\System32\KERNEL32.DLL
0x00007ff958550000 - 0x00007ff9587b6000 	C:\Windows\System32\KERNELBASE.dll
0x00007ff95b9f0000 - 0x00007ff95ba91000 	C:\Windows\System32\ADVAPI32.dll
0x00007ff95b940000 - 0x00007ff95b9dd000 	C:\Windows\System32\msvcrt.dll
0x00007ff9594c0000 - 0x00007ff95951b000 	C:\Windows\System32\sechost.dll
0x00007ff959c40000 - 0x00007ff959d5f000 	C:\Windows\System32\RPCRT4.dll
0x00007ff95b730000 - 0x00007ff95b8be000 	C:\Windows\System32\USER32.dll
0x00007ff958a50000 - 0x00007ff958a70000 	C:\Windows\System32\win32u.dll
0x00007ff959dd0000 - 0x00007ff959df8000 	C:\Windows\System32\GDI32.dll
0x00007ff9588b0000 - 0x00007ff958a41000 	C:\Windows\System32\gdi32full.dll
0x00007ff958810000 - 0x00007ff9588ab000 	C:\Windows\System32\msvcp_win.dll
0x00007ff958b20000 - 0x00007ff958c16000 	C:\Windows\System32\ucrtbase.dll
0x00007ff94d350000 - 0x00007ff94d5b9000 	C:\Windows\WinSxS\amd64_microsoft.windows.common-controls_6595b64144ccf1df_6.0.16299.15_none_cc92fb402215d91d\COMCTL32.dll
0x00007ff9598c0000 - 0x00007ff959bc8000 	C:\Windows\System32\combase.dll
0x00007ff959370000 - 0x00007ff9593e2000 	C:\Windows\System32\bcryptPrimitives.dll
0x00007ff959890000 - 0x00007ff9598bd000 	C:\Windows\System32\IMM32.DLL
0x0000000057150000 - 0x0000000057222000 	C:\Program Files\Android\Android Studio\jre\jre\bin\msvcr100.dll
0x0000000057230000 - 0x0000000057a76000 	C:\Program Files\Android\Android Studio\jre\jre\bin\server\jvm.dll
0x00007ff95b9e0000 - 0x00007ff95b9e8000 	C:\Windows\System32\PSAPI.DLL
0x00007ff954340000 - 0x00007ff954349000 	C:\Windows\SYSTEM32\WSOCK32.dll
0x00007ff9523e0000 - 0x00007ff9523ea000 	C:\Windows\SYSTEM32\VERSION.dll
0x00007ff956000000 - 0x00007ff956023000 	C:\Windows\SYSTEM32\WINMM.dll
0x00007ff95b620000 - 0x00007ff95b68c000 	C:\Windows\System32\WS2_32.dll
0x00007ff955a10000 - 0x00007ff955a3a000 	C:\Windows\SYSTEM32\winmmbase.dll
0x00007ff9587c0000 - 0x00007ff95880a000 	C:\Windows\System32\cfgmgr32.dll
0x00007ff94c5a0000 - 0x00007ff94c5af000 	C:\Program Files\Android\Android Studio\jre\jre\bin\verify.dll
0x00007ff93f4f0000 - 0x00007ff93f519000 	C:\Program Files\Android\Android Studio\jre\jre\bin\java.dll
0x00007ff93e020000 - 0x00007ff93e036000 	C:\Program Files\Android\Android Studio\jre\jre\bin\zip.dll
0x00007ff959fa0000 - 0x00007ff95b3d7000 	C:\Windows\System32\SHELL32.dll
0x00007ff959690000 - 0x00007ff959736000 	C:\Windows\System32\shcore.dll
0x00007ff958c20000 - 0x00007ff959367000 	C:\Windows\System32\windows.storage.dll
0x00007ff95b8c0000 - 0x00007ff95b911000 	C:\Windows\System32\shlwapi.dll
0x00007ff958300000 - 0x00007ff958311000 	C:\Windows\System32\kernel.appcore.dll
0x00007ff9582b0000 - 0x00007ff9582fc000 	C:\Windows\System32\powrprof.dll
0x00007ff958290000 - 0x00007ff9582ab000 	C:\Windows\System32\profapi.dll
0x00007ff93d4f0000 - 0x00007ff93d50a000 	C:\Program Files\Android\Android Studio\jre\jre\bin\net.dll
0x00007ff957b00000 - 0x00007ff957b66000 	C:\Windows\system32\mswsock.dll
0x00007ff93a760000 - 0x00007ff93a771000 	C:\Program Files\Android\Android Studio\jre\jre\bin\nio.dll
0x00007ff934180000 - 0x00007ff9341a6000 	C:\Users\User\.gradle\native\29\windows-amd64\native-platform.dll
0x00007ff947f60000 - 0x00007ff947f6d000 	C:\Program Files\Android\Android Studio\jre\jre\bin\management.dll
0x00007ff957cc0000 - 0x00007ff957cd7000 	C:\Windows\SYSTEM32\CRYPTSP.dll
0x00007ff957710000 - 0x00007ff957743000 	C:\Windows\system32\rsaenh.dll
0x00007ff957dd0000 - 0x00007ff957df5000 	C:\Windows\SYSTEM32\bcrypt.dll
0x00007ff958170000 - 0x00007ff958199000 	C:\Windows\SYSTEM32\USERENV.dll
0x00007ff957ce0000 - 0x00007ff957ceb000 	C:\Windows\SYSTEM32\CRYPTBASE.dll
0x00007ff957890000 - 0x00007ff9578c9000 	C:\Windows\SYSTEM32\IPHLPAPI.DLL
0x00007ff959bd0000 - 0x00007ff959bd8000 	C:\Windows\System32\NSI.dll
0x00007ff9510b0000 - 0x00007ff9510c6000 	C:\Windows\SYSTEM32\dhcpcsvc6.DLL
0x00007ff951250000 - 0x00007ff95126a000 	C:\Windows\SYSTEM32\dhcpcsvc.DLL

VM Arguments:
jvm_args: -Xmx1536m -Dfile.encoding=windows-1252 -Duser.country=IN -Duser.language=en -Duser.variant 
java_command: org.gradle.launcher.daemon.bootstrap.GradleDaemon 5.4.1
java_class_path (initial): C:\Users\User\.gradle\wrapper\dists\gradle-5.4.1-all\3221gyojl5jsh0helicew7rwx\gradle-5.4.1\lib\gradle-launcher-5.4.1.jar
Launcher Type: SUN_STANDARD

Environment Variables:
PATH=C:\Windows\system32;C:\Windows;C:\Windows\System32\Wbem;C:\Windows\System32\WindowsPowerShell\v1.0\;C:\Program Files\Java\jdk-12.0.2\bin;C:\Program Files\Microsoft VS Code\bin;C:\Program Files\nodejs\;C:\Program Files\Git\cmd;C:\Users\User\AppData\Local\Microsoft\WindowsApps;C:\Users\User\AppData\Roaming\npm
USERNAME=User
OS=Windows_NT
PROCESSOR_IDENTIFIER=AMD64 Family 22 Model 48 Stepping 1, AuthenticAMD



---------------  S Y S T E M  ---------------

OS: Windows 10.0 , 64 bit Build 16299 (10.0.16299.15)

CPU:total 4 (initial active 4) (4 cores per cpu, 1 threads per core) family 22 model 48 stepping 1, cmov, cx8, fxsr, mmx, sse, sse2, sse3, ssse3, sse4.1, sse4.2, popcnt, avx, aes, clmul, mmxext, 3dnowpref, lzcnt, sse4a, tsc, tscinvbit, tscinv, bmi1

Memory: 4k page, physical 3629332k(381668k free), swap 14639380k(5552k free)

vm_info: OpenJDK 64-Bit Server VM (25.202-b03) for windows-amd64 JRE (1.8.0_202-release-1483-b03), built by "builder" with MS VC++ 10.0 (VS2010)

time: Tue Dec 17 12:20:16 2019
timezone: India Standard Time
elapsed time: 12 seconds (0d 0h 0m 12s)

